2015-02-08T19:39:56.787-0800: 0.397: Total time for which application threads were stopped: 0.0001390 seconds
2015-02-08T19:39:56.807-0800: 0.417: Total time for which application threads were stopped: 0.0001520 seconds
2015-02-08T19:39:57.807-0800: 1.417: Total time for which application threads were stopped: 0.0002840 seconds
2015-02-08T19:39:58.808-0800: 2.418: Total time for which application threads were stopped: 0.0001710 seconds
2015-02-08T19:39:58.925-0800: 2.535: Total time for which application threads were stopped: 0.0003790 seconds
{Heap before GC invocations=0 (full 0):
 par new generation   total 109248K, used 87424K [0x00000000d5a00000, 0x00000000dda00000, 0x00000000dda00000)
  eden space 87424K, 100% used [0x00000000d5a00000, 0x00000000daf60000, 0x00000000daf60000)
  from space 21824K,   0% used [0x00000000daf60000, 0x00000000daf60000, 0x00000000dc4b0000)
  to   space 21824K,   0% used [0x00000000dc4b0000, 0x00000000dc4b0000, 0x00000000dda00000)
 concurrent mark-sweep generation total 393216K, used 0K [0x00000000dda00000, 0x00000000f5a00000, 0x00000000f5a00000)
 concurrent-mark-sweep perm gen total 21248K, used 19489K [0x00000000f5a00000, 0x00000000f6ec0000, 0x0000000100000000)
2015-02-08T19:39:59.048-0800: 2.658: [GC2015-02-08T19:39:59.049-0800: 2.659: [ParNew
Desired survivor size 20112992 bytes, new threshold 8 (max 8)
- age   1:   12496072 bytes,   12496072 total
: 87424K->12330K(109248K), 0.0164050 secs] 87424K->12330K(502464K), 0.0165900 secs] [Times: user=0.06 sys=0.01, real=0.02 secs] 
Heap after GC invocations=1 (full 0):
 par new generation   total 109248K, used 12330K [0x00000000d5a00000, 0x00000000dda00000, 0x00000000dda00000)
  eden space 87424K,   0% used [0x00000000d5a00000, 0x00000000d5a00000, 0x00000000daf60000)
  from space 21824K,  56% used [0x00000000dc4b0000, 0x00000000dd0ba8e0, 0x00000000dda00000)
  to   space 21824K,   0% used [0x00000000daf60000, 0x00000000daf60000, 0x00000000dc4b0000)
 concurrent mark-sweep generation total 393216K, used 0K [0x00000000dda00000, 0x00000000f5a00000, 0x00000000f5a00000)
 concurrent-mark-sweep perm gen total 21248K, used 19489K [0x00000000f5a00000, 0x00000000f6ec0000, 0x0000000100000000)
}
2015-02-08T19:39:59.065-0800: 2.675: Total time for which application threads were stopped: 0.0168650 seconds
2015-02-08T19:39:59.636-0800: 3.246: Total time for which application threads were stopped: 0.0001920 seconds
{Heap before GC invocations=1 (full 0):
 par new generation   total 109248K, used 99754K [0x00000000d5a00000, 0x00000000dda00000, 0x00000000dda00000)
  eden space 87424K, 100% used [0x00000000d5a00000, 0x00000000daf60000, 0x00000000daf60000)
  from space 21824K,  56% used [0x00000000dc4b0000, 0x00000000dd0ba8e0, 0x00000000dda00000)
  to   space 21824K,   0% used [0x00000000daf60000, 0x00000000daf60000, 0x00000000dc4b0000)
 concurrent mark-sweep generation total 393216K, used 0K [0x00000000dda00000, 0x00000000f5a00000, 0x00000000f5a00000)
 concurrent-mark-sweep perm gen total 24704K, used 24682K [0x00000000f5a00000, 0x00000000f7220000, 0x0000000100000000)
2015-02-08T19:39:59.963-0800: 3.573: [GC2015-02-08T19:39:59.964-0800: 3.573: [ParNew
Desired survivor size 20112992 bytes, new threshold 8 (max 8)
- age   1:    4992688 bytes,    4992688 total
- age   2:    5237296 bytes,   10229984 total
: 99754K->13287K(109248K), 0.0192630 secs] 99754K->13287K(502464K), 0.0194010 secs] [Times: user=0.06 sys=0.00, real=0.01 secs] 
Heap after GC invocations=2 (full 0):
 par new generation   total 109248K, used 13287K [0x00000000d5a00000, 0x00000000dda00000, 0x00000000dda00000)
  eden space 87424K,   0% used [0x00000000d5a00000, 0x00000000d5a00000, 0x00000000daf60000)
  from space 21824K,  60% used [0x00000000daf60000, 0x00000000dbc59f38, 0x00000000dc4b0000)
  to   space 21824K,   0% used [0x00000000dc4b0000, 0x00000000dc4b0000, 0x00000000dda00000)
 concurrent mark-sweep generation total 393216K, used 0K [0x00000000dda00000, 0x00000000f5a00000, 0x00000000f5a00000)
 concurrent-mark-sweep perm gen total 24704K, used 24682K [0x00000000f5a00000, 0x00000000f7220000, 0x0000000100000000)
}
2015-02-08T19:39:59.983-0800: 3.593: Total time for which application threads were stopped: 0.0197020 seconds
2015-02-08T19:40:00.667-0800: 4.277: Total time for which application threads were stopped: 0.0008900 seconds
2015-02-08T19:40:04.002-0800: 7.612: Total time for which application threads were stopped: 0.0001420 seconds
2015-02-08T19:40:04.079-0800: 7.689: Total time for which application threads were stopped: 0.0000890 seconds
2015-02-08T19:40:04.082-0800: 7.692: Total time for which application threads were stopped: 0.0016410 seconds
2015-02-08T19:40:04.083-0800: 7.693: Total time for which application threads were stopped: 0.0000630 seconds
2015-02-08T19:40:04.083-0800: 7.693: Total time for which application threads were stopped: 0.0000600 seconds
2015-02-08T19:40:04.083-0800: 7.693: Total time for which application threads were stopped: 0.0000800 seconds
2015-02-08T19:40:04.084-0800: 7.694: Total time for which application threads were stopped: 0.0000860 seconds
2015-02-08T19:40:04.086-0800: 7.696: Total time for which application threads were stopped: 0.0000630 seconds
2015-02-08T19:40:04.087-0800: 7.697: Total time for which application threads were stopped: 0.0000800 seconds
2015-02-08T19:40:04.486-0800: 8.095: Total time for which application threads were stopped: 0.0001760 seconds
2015-02-08T19:40:04.486-0800: 8.096: Total time for which application threads were stopped: 0.0000800 seconds
2015-02-08T19:40:04.493-0800: 8.103: Total time for which application threads were stopped: 0.0061690 seconds
2015-02-08T19:40:04.493-0800: 8.103: Total time for which application threads were stopped: 0.0001340 seconds
2015-02-08T19:40:04.499-0800: 8.109: Total time for which application threads were stopped: 0.0001030 seconds
2015-02-08T19:40:04.500-0800: 8.109: Total time for which application threads were stopped: 0.0000810 seconds
2015-02-08T19:40:04.501-0800: 8.111: Total time for which application threads were stopped: 0.0019130 seconds
2015-02-08T19:40:09.836-0800: 13.446: Total time for which application threads were stopped: 0.0006510 seconds
2015-02-08T19:40:09.836-0800: 13.446: Total time for which application threads were stopped: 0.0000510 seconds
2015-02-08T19:40:09.839-0800: 13.449: Total time for which application threads were stopped: 0.0001660 seconds
2015-02-08T19:40:09.844-0800: 13.454: Total time for which application threads were stopped: 0.0005570 seconds
2015-02-08T19:40:09.844-0800: 13.454: Total time for which application threads were stopped: 0.0000760 seconds
2015-02-08T19:40:09.844-0800: 13.454: Total time for which application threads were stopped: 0.0000460 seconds
2015-02-08T19:40:25.536-0800: 29.146: Total time for which application threads were stopped: 0.0001910 seconds
2015-02-08T19:40:25.536-0800: 29.146: Total time for which application threads were stopped: 0.0000360 seconds
2015-02-08T19:40:27.375-0800: 30.985: Total time for which application threads were stopped: 0.0002070 seconds
2015-02-08T19:40:27.375-0800: 30.985: Total time for which application threads were stopped: 0.0000950 seconds
2015-02-08T19:40:27.375-0800: 30.985: Total time for which application threads were stopped: 0.0002380 seconds
2015-02-08T19:40:27.379-0800: 30.989: Total time for which application threads were stopped: 0.0000600 seconds
2015-02-08T19:40:27.380-0800: 30.990: Total time for which application threads were stopped: 0.0000400 seconds
2015-02-08T19:40:27.381-0800: 30.991: Total time for which application threads were stopped: 0.0000580 seconds
2015-02-08T19:40:36.468-0800: 40.078: Total time for which application threads were stopped: 0.0002370 seconds
2015-02-08T19:40:36.478-0800: 40.088: Total time for which application threads were stopped: 0.0001210 seconds
2015-02-08T19:40:54.645-0800: 58.255: Total time for which application threads were stopped: 0.0002500 seconds
2015-02-08T19:40:54.648-0800: 58.258: Total time for which application threads were stopped: 0.0000930 seconds
2015-02-08T19:41:17.388-0800: 80.998: Total time for which application threads were stopped: 0.0003140 seconds
2015-02-08T19:41:26.500-0800: 90.110: Total time for which application threads were stopped: 0.0003090 seconds
2015-02-08T19:41:27.377-0800: 90.987: Total time for which application threads were stopped: 0.0002940 seconds
2015-02-08T19:41:27.381-0800: 90.991: Total time for which application threads were stopped: 0.0001600 seconds
2015-02-08T19:46:37.641-0800: 401.251: Total time for which application threads were stopped: 0.0002580 seconds
2015-02-08T19:46:37.644-0800: 401.254: Total time for which application threads were stopped: 0.0000900 seconds
2015-02-08T19:46:37.644-0800: 401.254: Total time for which application threads were stopped: 0.0000920 seconds
2015-02-08T19:46:37.645-0800: 401.255: Total time for which application threads were stopped: 0.0000860 seconds
2015-02-08T19:46:37.649-0800: 401.259: Total time for which application threads were stopped: 0.0000900 seconds
2015-02-08T19:46:37.650-0800: 401.260: Total time for which application threads were stopped: 0.0000850 seconds
2015-02-08T19:46:37.650-0800: 401.260: Total time for which application threads were stopped: 0.0000660 seconds
Heap
 par new generation   total 109248K, used 58129K [0x00000000d5a00000, 0x00000000dda00000, 0x00000000dda00000)
  eden space 87424K,  51% used [0x00000000d5a00000, 0x00000000d85ca698, 0x00000000daf60000)
  from space 21824K,  60% used [0x00000000daf60000, 0x00000000dbc59f38, 0x00000000dc4b0000)
  to   space 21824K,   0% used [0x00000000dc4b0000, 0x00000000dc4b0000, 0x00000000dda00000)
 concurrent mark-sweep generation total 393216K, used 0K [0x00000000dda00000, 0x00000000f5a00000, 0x00000000f5a00000)
 concurrent-mark-sweep perm gen total 29312K, used 29157K [0x00000000f5a00000, 0x00000000f76a0000, 0x0000000100000000)
