0    [main] INFO  org.eclipse.jetty.server.Server  – jetty-8.1.10.v20130312
25   [main] INFO  org.eclipse.jetty.deploy.providers.ScanningAppProvider  – Deployment monitor /home/sachin/Desktop/cs290N/hw1/solr-4.10.3/node2/contexts at interval 0
31   [main] INFO  org.eclipse.jetty.deploy.DeploymentManager  – Deployable added: /home/sachin/Desktop/cs290N/hw1/solr-4.10.3/node2/contexts/solr-jetty-context.xml
1217 [main] INFO  org.eclipse.jetty.webapp.StandardDescriptorProcessor  – NO JSP Support for /solr, did not find org.apache.jasper.servlet.JspServlet
1295 [main] INFO  org.apache.solr.servlet.SolrDispatchFilter  – SolrDispatchFilter.init()
1316 [main] INFO  org.apache.solr.core.SolrResourceLoader  – JNDI not configured for solr (NoInitialContextEx)
1317 [main] INFO  org.apache.solr.core.SolrResourceLoader  – using system property solr.solr.home: /home/sachin/Desktop/cs290N/hw1/solr-4.10.3/node2/solr
1318 [main] INFO  org.apache.solr.core.SolrResourceLoader  – new SolrResourceLoader for directory: '/home/sachin/Desktop/cs290N/hw1/solr-4.10.3/node2/solr/'
1453 [main] INFO  org.apache.solr.core.ConfigSolr  – Loading container configuration from /home/sachin/Desktop/cs290N/hw1/solr-4.10.3/node2/solr/solr.xml
1543 [main] INFO  org.apache.solr.core.CoresLocator  – Config-defined core root directory: /home/sachin/Desktop/cs290N/hw1/solr-4.10.3/node2/solr
1549 [main] INFO  org.apache.solr.core.CoreContainer  – New CoreContainer 589283781
1550 [main] INFO  org.apache.solr.core.CoreContainer  – Loading cores into CoreContainer [instanceDir=/home/sachin/Desktop/cs290N/hw1/solr-4.10.3/node2/solr/]
1561 [main] INFO  org.apache.solr.handler.component.HttpShardHandlerFactory  – Setting socketTimeout to: 0
1562 [main] INFO  org.apache.solr.handler.component.HttpShardHandlerFactory  – Setting urlScheme to: null
1566 [main] INFO  org.apache.solr.handler.component.HttpShardHandlerFactory  – Setting connTimeout to: 0
1566 [main] INFO  org.apache.solr.handler.component.HttpShardHandlerFactory  – Setting maxConnectionsPerHost to: 20
1569 [main] INFO  org.apache.solr.handler.component.HttpShardHandlerFactory  – Setting corePoolSize to: 0
1569 [main] INFO  org.apache.solr.handler.component.HttpShardHandlerFactory  – Setting maximumPoolSize to: 2147483647
1569 [main] INFO  org.apache.solr.handler.component.HttpShardHandlerFactory  – Setting maxThreadIdleTime to: 5
1570 [main] INFO  org.apache.solr.handler.component.HttpShardHandlerFactory  – Setting sizeOfQueue to: -1
1570 [main] INFO  org.apache.solr.handler.component.HttpShardHandlerFactory  – Setting fairnessPolicy to: false
1788 [main] INFO  org.apache.solr.update.UpdateShardHandler  – Creating UpdateShardHandler HTTP client with params: socketTimeout=0&connTimeout=0&retry=false
1790 [main] INFO  org.apache.solr.logging.LogWatcher  – SLF4J impl is org.slf4j.impl.Log4jLoggerFactory
1791 [main] INFO  org.apache.solr.logging.LogWatcher  – Registering Log Listener [Log4j (org.slf4j.impl.Log4jLoggerFactory)]
1792 [main] INFO  org.apache.solr.core.CoreContainer  – Host Name: 
1824 [main] INFO  org.apache.solr.core.CoresLocator  – Looking for core definitions underneath /home/sachin/Desktop/cs290N/hw1/solr-4.10.3/node2/solr
1834 [main] INFO  org.apache.solr.core.CoresLocator  – Found core collection1 in /home/sachin/Desktop/cs290N/hw1/solr-4.10.3/node2/solr/collection1/
1835 [main] INFO  org.apache.solr.core.CoresLocator  – Found 1 core definitions
1836 [coreLoadExecutor-5-thread-1] INFO  org.apache.solr.core.SolrResourceLoader  – new SolrResourceLoader for directory: '/home/sachin/Desktop/cs290N/hw1/solr-4.10.3/node2/solr/collection1/'
1958 [coreLoadExecutor-5-thread-1] INFO  org.apache.solr.core.SolrConfig  – Adding specified lib dirs to ClassLoader
1961 [coreLoadExecutor-5-thread-1] INFO  org.apache.solr.core.SolrResourceLoader  – Adding 'file:/home/sachin/Desktop/cs290N/hw1/solr-4.10.3/contrib/extraction/lib/poi-ooxml-3.10.1.jar' to classloader
1961 [coreLoadExecutor-5-thread-1] INFO  org.apache.solr.core.SolrResourceLoader  – Adding 'file:/home/sachin/Desktop/cs290N/hw1/solr-4.10.3/contrib/extraction/lib/xz-1.4.jar' to classloader
1961 [coreLoadExecutor-5-thread-1] INFO  org.apache.solr.core.SolrResourceLoader  – Adding 'file:/home/sachin/Desktop/cs290N/hw1/solr-4.10.3/contrib/extraction/lib/jhighlight-1.0.jar' to classloader
1961 [coreLoadExecutor-5-thread-1] INFO  org.apache.solr.core.SolrResourceLoader  – Adding 'file:/home/sachin/Desktop/cs290N/hw1/solr-4.10.3/contrib/extraction/lib/pdfbox-1.8.4.jar' to classloader
1962 [coreLoadExecutor-5-thread-1] INFO  org.apache.solr.core.SolrResourceLoader  – Adding 'file:/home/sachin/Desktop/cs290N/hw1/solr-4.10.3/contrib/extraction/lib/jempbox-1.8.4.jar' to classloader
1962 [coreLoadExecutor-5-thread-1] INFO  org.apache.solr.core.SolrResourceLoader  – Adding 'file:/home/sachin/Desktop/cs290N/hw1/solr-4.10.3/contrib/extraction/lib/icu4j-53.1.jar' to classloader
1962 [coreLoadExecutor-5-thread-1] INFO  org.apache.solr.core.SolrResourceLoader  – Adding 'file:/home/sachin/Desktop/cs290N/hw1/solr-4.10.3/contrib/extraction/lib/poi-ooxml-schemas-3.10.1.jar' to classloader
1962 [coreLoadExecutor-5-thread-1] INFO  org.apache.solr.core.SolrResourceLoader  – Adding 'file:/home/sachin/Desktop/cs290N/hw1/solr-4.10.3/contrib/extraction/lib/isoparser-1.0-RC-1.jar' to classloader
1962 [coreLoadExecutor-5-thread-1] INFO  org.apache.solr.core.SolrResourceLoader  – Adding 'file:/home/sachin/Desktop/cs290N/hw1/solr-4.10.3/contrib/extraction/lib/apache-mime4j-core-0.7.2.jar' to classloader
1963 [coreLoadExecutor-5-thread-1] INFO  org.apache.solr.core.SolrResourceLoader  – Adding 'file:/home/sachin/Desktop/cs290N/hw1/solr-4.10.3/contrib/extraction/lib/rome-0.9.jar' to classloader
1963 [coreLoadExecutor-5-thread-1] INFO  org.apache.solr.core.SolrResourceLoader  – Adding 'file:/home/sachin/Desktop/cs290N/hw1/solr-4.10.3/contrib/extraction/lib/poi-3.10.1.jar' to classloader
1963 [coreLoadExecutor-5-thread-1] INFO  org.apache.solr.core.SolrResourceLoader  – Adding 'file:/home/sachin/Desktop/cs290N/hw1/solr-4.10.3/contrib/extraction/lib/tika-core-1.5.jar' to classloader
1963 [coreLoadExecutor-5-thread-1] INFO  org.apache.solr.core.SolrResourceLoader  – Adding 'file:/home/sachin/Desktop/cs290N/hw1/solr-4.10.3/contrib/extraction/lib/tagsoup-1.2.1.jar' to classloader
1964 [coreLoadExecutor-5-thread-1] INFO  org.apache.solr.core.SolrResourceLoader  – Adding 'file:/home/sachin/Desktop/cs290N/hw1/solr-4.10.3/contrib/extraction/lib/aspectjrt-1.6.11.jar' to classloader
1964 [coreLoadExecutor-5-thread-1] INFO  org.apache.solr.core.SolrResourceLoader  – Adding 'file:/home/sachin/Desktop/cs290N/hw1/solr-4.10.3/contrib/extraction/lib/juniversalchardet-1.0.3.jar' to classloader
1964 [coreLoadExecutor-5-thread-1] INFO  org.apache.solr.core.SolrResourceLoader  – Adding 'file:/home/sachin/Desktop/cs290N/hw1/solr-4.10.3/contrib/extraction/lib/poi-scratchpad-3.10.1.jar' to classloader
1964 [coreLoadExecutor-5-thread-1] INFO  org.apache.solr.core.SolrResourceLoader  – Adding 'file:/home/sachin/Desktop/cs290N/hw1/solr-4.10.3/contrib/extraction/lib/xmpcore-5.1.2.jar' to classloader
1964 [coreLoadExecutor-5-thread-1] INFO  org.apache.solr.core.SolrResourceLoader  – Adding 'file:/home/sachin/Desktop/cs290N/hw1/solr-4.10.3/contrib/extraction/lib/xmlbeans-2.6.0.jar' to classloader
1965 [coreLoadExecutor-5-thread-1] INFO  org.apache.solr.core.SolrResourceLoader  – Adding 'file:/home/sachin/Desktop/cs290N/hw1/solr-4.10.3/contrib/extraction/lib/vorbis-java-tika-0.1.jar' to classloader
1965 [coreLoadExecutor-5-thread-1] INFO  org.apache.solr.core.SolrResourceLoader  – Adding 'file:/home/sachin/Desktop/cs290N/hw1/solr-4.10.3/contrib/extraction/lib/bcmail-jdk15-1.45.jar' to classloader
1965 [coreLoadExecutor-5-thread-1] INFO  org.apache.solr.core.SolrResourceLoader  – Adding 'file:/home/sachin/Desktop/cs290N/hw1/solr-4.10.3/contrib/extraction/lib/commons-compress-1.7.jar' to classloader
1965 [coreLoadExecutor-5-thread-1] INFO  org.apache.solr.core.SolrResourceLoader  – Adding 'file:/home/sachin/Desktop/cs290N/hw1/solr-4.10.3/contrib/extraction/lib/jdom-1.0.jar' to classloader
1965 [coreLoadExecutor-5-thread-1] INFO  org.apache.solr.core.SolrResourceLoader  – Adding 'file:/home/sachin/Desktop/cs290N/hw1/solr-4.10.3/contrib/extraction/lib/bcprov-jdk15-1.45.jar' to classloader
1966 [coreLoadExecutor-5-thread-1] INFO  org.apache.solr.core.SolrResourceLoader  – Adding 'file:/home/sachin/Desktop/cs290N/hw1/solr-4.10.3/contrib/extraction/lib/apache-mime4j-dom-0.7.2.jar' to classloader
1966 [coreLoadExecutor-5-thread-1] INFO  org.apache.solr.core.SolrResourceLoader  – Adding 'file:/home/sachin/Desktop/cs290N/hw1/solr-4.10.3/contrib/extraction/lib/xercesImpl-2.9.1.jar' to classloader
1966 [coreLoadExecutor-5-thread-1] INFO  org.apache.solr.core.SolrResourceLoader  – Adding 'file:/home/sachin/Desktop/cs290N/hw1/solr-4.10.3/contrib/extraction/lib/vorbis-java-core-0.1.jar' to classloader
1966 [coreLoadExecutor-5-thread-1] INFO  org.apache.solr.core.SolrResourceLoader  – Adding 'file:/home/sachin/Desktop/cs290N/hw1/solr-4.10.3/contrib/extraction/lib/dom4j-1.6.1.jar' to classloader
1966 [coreLoadExecutor-5-thread-1] INFO  org.apache.solr.core.SolrResourceLoader  – Adding 'file:/home/sachin/Desktop/cs290N/hw1/solr-4.10.3/contrib/extraction/lib/fontbox-1.8.4.jar' to classloader
1967 [coreLoadExecutor-5-thread-1] INFO  org.apache.solr.core.SolrResourceLoader  – Adding 'file:/home/sachin/Desktop/cs290N/hw1/solr-4.10.3/contrib/extraction/lib/tika-xmp-1.5.jar' to classloader
1967 [coreLoadExecutor-5-thread-1] INFO  org.apache.solr.core.SolrResourceLoader  – Adding 'file:/home/sachin/Desktop/cs290N/hw1/solr-4.10.3/contrib/extraction/lib/boilerpipe-1.1.0.jar' to classloader
1967 [coreLoadExecutor-5-thread-1] INFO  org.apache.solr.core.SolrResourceLoader  – Adding 'file:/home/sachin/Desktop/cs290N/hw1/solr-4.10.3/contrib/extraction/lib/tika-parsers-1.5.jar' to classloader
1967 [coreLoadExecutor-5-thread-1] INFO  org.apache.solr.core.SolrResourceLoader  – Adding 'file:/home/sachin/Desktop/cs290N/hw1/solr-4.10.3/contrib/extraction/lib/metadata-extractor-2.6.2.jar' to classloader
1969 [coreLoadExecutor-5-thread-1] INFO  org.apache.solr.core.SolrResourceLoader  – Adding 'file:/home/sachin/Desktop/cs290N/hw1/solr-4.10.3/dist/solr-cell-4.10.3.jar' to classloader
1970 [coreLoadExecutor-5-thread-1] INFO  org.apache.solr.core.SolrResourceLoader  – Adding 'file:/home/sachin/Desktop/cs290N/hw1/solr-4.10.3/contrib/clustering/lib/hppc-0.5.2.jar' to classloader
1970 [coreLoadExecutor-5-thread-1] INFO  org.apache.solr.core.SolrResourceLoader  – Adding 'file:/home/sachin/Desktop/cs290N/hw1/solr-4.10.3/contrib/clustering/lib/mahout-collections-1.0.jar' to classloader
1970 [coreLoadExecutor-5-thread-1] INFO  org.apache.solr.core.SolrResourceLoader  – Adding 'file:/home/sachin/Desktop/cs290N/hw1/solr-4.10.3/contrib/clustering/lib/jackson-mapper-asl-1.9.13.jar' to classloader
1970 [coreLoadExecutor-5-thread-1] INFO  org.apache.solr.core.SolrResourceLoader  – Adding 'file:/home/sachin/Desktop/cs290N/hw1/solr-4.10.3/contrib/clustering/lib/attributes-binder-1.2.1.jar' to classloader
1971 [coreLoadExecutor-5-thread-1] INFO  org.apache.solr.core.SolrResourceLoader  – Adding 'file:/home/sachin/Desktop/cs290N/hw1/solr-4.10.3/contrib/clustering/lib/jackson-core-asl-1.9.13.jar' to classloader
1971 [coreLoadExecutor-5-thread-1] INFO  org.apache.solr.core.SolrResourceLoader  – Adding 'file:/home/sachin/Desktop/cs290N/hw1/solr-4.10.3/contrib/clustering/lib/simple-xml-2.7.jar' to classloader
1971 [coreLoadExecutor-5-thread-1] INFO  org.apache.solr.core.SolrResourceLoader  – Adding 'file:/home/sachin/Desktop/cs290N/hw1/solr-4.10.3/contrib/clustering/lib/mahout-math-0.6.jar' to classloader
1971 [coreLoadExecutor-5-thread-1] INFO  org.apache.solr.core.SolrResourceLoader  – Adding 'file:/home/sachin/Desktop/cs290N/hw1/solr-4.10.3/contrib/clustering/lib/carrot2-mini-3.9.0.jar' to classloader
1972 [coreLoadExecutor-5-thread-1] INFO  org.apache.solr.core.SolrResourceLoader  – Adding 'file:/home/sachin/Desktop/cs290N/hw1/solr-4.10.3/dist/solr-clustering-4.10.3.jar' to classloader
1973 [coreLoadExecutor-5-thread-1] INFO  org.apache.solr.core.SolrResourceLoader  – Adding 'file:/home/sachin/Desktop/cs290N/hw1/solr-4.10.3/contrib/langid/lib/langdetect-1.1-20120112.jar' to classloader
1973 [coreLoadExecutor-5-thread-1] INFO  org.apache.solr.core.SolrResourceLoader  – Adding 'file:/home/sachin/Desktop/cs290N/hw1/solr-4.10.3/contrib/langid/lib/jsonic-1.2.7.jar' to classloader
1974 [coreLoadExecutor-5-thread-1] INFO  org.apache.solr.core.SolrResourceLoader  – Adding 'file:/home/sachin/Desktop/cs290N/hw1/solr-4.10.3/dist/solr-langid-4.10.3.jar' to classloader
1975 [coreLoadExecutor-5-thread-1] INFO  org.apache.solr.core.SolrResourceLoader  – Adding 'file:/home/sachin/Desktop/cs290N/hw1/solr-4.10.3/contrib/velocity/lib/velocity-1.7.jar' to classloader
1975 [coreLoadExecutor-5-thread-1] INFO  org.apache.solr.core.SolrResourceLoader  – Adding 'file:/home/sachin/Desktop/cs290N/hw1/solr-4.10.3/contrib/velocity/lib/commons-collections-3.2.1.jar' to classloader
1975 [coreLoadExecutor-5-thread-1] INFO  org.apache.solr.core.SolrResourceLoader  – Adding 'file:/home/sachin/Desktop/cs290N/hw1/solr-4.10.3/contrib/velocity/lib/velocity-tools-2.0.jar' to classloader
1975 [coreLoadExecutor-5-thread-1] INFO  org.apache.solr.core.SolrResourceLoader  – Adding 'file:/home/sachin/Desktop/cs290N/hw1/solr-4.10.3/contrib/velocity/lib/commons-beanutils-1.8.3.jar' to classloader
1976 [coreLoadExecutor-5-thread-1] INFO  org.apache.solr.core.SolrResourceLoader  – Adding 'file:/home/sachin/Desktop/cs290N/hw1/solr-4.10.3/dist/solr-velocity-4.10.3.jar' to classloader
2148 [coreLoadExecutor-5-thread-1] INFO  org.apache.solr.update.SolrIndexConfig  – IndexWriter infoStream solr logging is enabled
2159 [coreLoadExecutor-5-thread-1] INFO  org.apache.solr.core.SolrConfig  – Using Lucene MatchVersion: 4.10.3
2311 [coreLoadExecutor-5-thread-1] INFO  org.apache.solr.core.Config  – Loaded SolrConfig: solrconfig.xml
2319 [coreLoadExecutor-5-thread-1] INFO  org.apache.solr.schema.IndexSchema  – Reading Solr Schema from /home/sachin/Desktop/cs290N/hw1/solr-4.10.3/node2/solr/collection1/conf/schema.xml
2332 [coreLoadExecutor-5-thread-1] INFO  org.apache.solr.schema.IndexSchema  – [collection1] Schema name=nsf
2434 [coreLoadExecutor-5-thread-1] INFO  org.apache.solr.schema.IndexSchema  – unique key field: id
2509 [coreLoadExecutor-5-thread-1] INFO  org.apache.solr.core.CoreContainer  – Creating SolrCore 'collection1' using configuration from instancedir /home/sachin/Desktop/cs290N/hw1/solr-4.10.3/node2/solr/collection1/
2525 [coreLoadExecutor-5-thread-1] INFO  org.apache.solr.core.SolrCore  – solr.NRTCachingDirectoryFactory
2531 [coreLoadExecutor-5-thread-1] INFO  org.apache.solr.core.SolrCore  – [collection1] Opening new SolrCore at /home/sachin/Desktop/cs290N/hw1/solr-4.10.3/node2/solr/collection1/, dataDir=/home/sachin/Desktop/cs290N/hw1/solr-4.10.3/node2/solr/collection1/data/
2532 [coreLoadExecutor-5-thread-1] INFO  org.apache.solr.core.JmxMonitoredMap  – JMX monitoring is enabled. Adding Solr mbeans to JMX Server: com.sun.jmx.mbeanserver.JmxMBeanServer@78e941c2
2555 [coreLoadExecutor-5-thread-1] INFO  org.apache.solr.core.SolrCore  – [collection1] Added SolrEventListener for newSearcher: org.apache.solr.core.QuerySenderListener{queries=[]}
2555 [coreLoadExecutor-5-thread-1] INFO  org.apache.solr.core.SolrCore  – [collection1] Added SolrEventListener for firstSearcher: org.apache.solr.core.QuerySenderListener{queries=[{q=static firstSearcher warming in solrconfig.xml}]}
2567 [coreLoadExecutor-5-thread-1] INFO  org.apache.solr.core.CachingDirectoryFactory  – return new directory for /home/sachin/Desktop/cs290N/hw1/solr-4.10.3/node2/solr/collection1/data
2568 [coreLoadExecutor-5-thread-1] INFO  org.apache.solr.core.SolrCore  – New index directory detected: old=null new=/home/sachin/Desktop/cs290N/hw1/solr-4.10.3/node2/solr/collection1/data/index/
2569 [coreLoadExecutor-5-thread-1] WARN  org.apache.solr.core.SolrCore  – [collection1] Solr index directory '/home/sachin/Desktop/cs290N/hw1/solr-4.10.3/node2/solr/collection1/data/index' doesn't exist. Creating new index...
2576 [coreLoadExecutor-5-thread-1] INFO  org.apache.solr.core.CachingDirectoryFactory  – return new directory for /home/sachin/Desktop/cs290N/hw1/solr-4.10.3/node2/solr/collection1/data/index
2674 [coreLoadExecutor-5-thread-1] INFO  org.apache.solr.core.SolrCore  – SolrDeletionPolicy.onCommit: commits: num=1
	commit{dir=NRTCachingDirectory(MMapDirectory@/home/sachin/Desktop/cs290N/hw1/solr-4.10.3/node2/solr/collection1/data/index lockFactory=NativeFSLockFactory@/home/sachin/Desktop/cs290N/hw1/solr-4.10.3/node2/solr/collection1/data/index; maxCacheMB=48.0 maxMergeSizeMB=4.0),segFN=segments_1,generation=1}
2675 [coreLoadExecutor-5-thread-1] INFO  org.apache.solr.core.SolrCore  – newest commit generation = 1
2682 [coreLoadExecutor-5-thread-1] INFO  org.apache.solr.core.SolrCore  – created json: solr.JSONResponseWriter
2683 [coreLoadExecutor-5-thread-1] INFO  org.apache.solr.core.SolrCore  – adding lazy queryResponseWriter: solr.VelocityResponseWriter
2683 [coreLoadExecutor-5-thread-1] INFO  org.apache.solr.core.SolrCore  – created velocity: solr.VelocityResponseWriter
2686 [coreLoadExecutor-5-thread-1] INFO  org.apache.solr.core.SolrCore  – created xslt: solr.XSLTResponseWriter
2686 [coreLoadExecutor-5-thread-1] INFO  org.apache.solr.response.XSLTResponseWriter  – xsltCacheLifetimeSeconds=5
2766 [coreLoadExecutor-5-thread-1] INFO  org.apache.solr.core.SolrCore  – no updateRequestProcessorChain defined as default, creating implicit default
2773 [coreLoadExecutor-5-thread-1] INFO  org.apache.solr.core.RequestHandlers  – created /update: org.apache.solr.handler.UpdateRequestHandler
2775 [coreLoadExecutor-5-thread-1] INFO  org.apache.solr.core.RequestHandlers  – created /update/json: org.apache.solr.handler.UpdateRequestHandler
2776 [coreLoadExecutor-5-thread-1] INFO  org.apache.solr.core.RequestHandlers  – created /update/csv: org.apache.solr.handler.UpdateRequestHandler
2777 [coreLoadExecutor-5-thread-1] INFO  org.apache.solr.core.RequestHandlers  – created /update/json/docs: org.apache.solr.handler.UpdateRequestHandler
2782 [coreLoadExecutor-5-thread-1] INFO  org.apache.solr.core.RequestHandlers  – created /select: solr.SearchHandler
2783 [coreLoadExecutor-5-thread-1] INFO  org.apache.solr.core.RequestHandlers  – created /selectd: solr.SearchHandler
2784 [coreLoadExecutor-5-thread-1] INFO  org.apache.solr.core.RequestHandlers  – created /query: solr.SearchHandler
2787 [coreLoadExecutor-5-thread-1] INFO  org.apache.solr.core.RequestHandlers  – created /get: solr.RealTimeGetHandler
2788 [coreLoadExecutor-5-thread-1] INFO  org.apache.solr.core.RequestHandlers  – created /export: solr.SearchHandler
2789 [coreLoadExecutor-5-thread-1] INFO  org.apache.solr.core.RequestHandlers  – created /browse: solr.SearchHandler
2791 [coreLoadExecutor-5-thread-1] WARN  org.apache.solr.core.RequestHandlers  – Multiple requestHandler registered to the same name: /update ignoring: org.apache.solr.handler.UpdateRequestHandler
2791 [coreLoadExecutor-5-thread-1] INFO  org.apache.solr.core.RequestHandlers  – created /update: solr.UpdateRequestHandler
2791 [coreLoadExecutor-5-thread-1] INFO  org.apache.solr.core.RequestHandlers  – adding lazy requestHandler: solr.extraction.ExtractingRequestHandler
2792 [coreLoadExecutor-5-thread-1] INFO  org.apache.solr.core.RequestHandlers  – created /update/extract: solr.extraction.ExtractingRequestHandler
2793 [coreLoadExecutor-5-thread-1] INFO  org.apache.solr.core.RequestHandlers  – adding lazy requestHandler: solr.FieldAnalysisRequestHandler
2793 [coreLoadExecutor-5-thread-1] INFO  org.apache.solr.core.RequestHandlers  – created /analysis/field: solr.FieldAnalysisRequestHandler
2793 [coreLoadExecutor-5-thread-1] INFO  org.apache.solr.core.RequestHandlers  – adding lazy requestHandler: solr.DocumentAnalysisRequestHandler
2793 [coreLoadExecutor-5-thread-1] INFO  org.apache.solr.core.RequestHandlers  – created /analysis/document: solr.DocumentAnalysisRequestHandler
2795 [coreLoadExecutor-5-thread-1] INFO  org.apache.solr.core.RequestHandlers  – created /admin/: solr.admin.AdminHandlers
2820 [coreLoadExecutor-5-thread-1] INFO  org.apache.solr.core.RequestHandlers  – created /admin/ping: solr.PingRequestHandler
2823 [coreLoadExecutor-5-thread-1] INFO  org.apache.solr.core.RequestHandlers  – created /debug/dump: solr.DumpRequestHandler
2832 [coreLoadExecutor-5-thread-1] INFO  org.apache.solr.core.RequestHandlers  – created /replication: solr.ReplicationHandler
2833 [coreLoadExecutor-5-thread-1] INFO  org.apache.solr.core.RequestHandlers  – adding lazy requestHandler: solr.SearchHandler
2833 [coreLoadExecutor-5-thread-1] INFO  org.apache.solr.core.RequestHandlers  – created /spell: solr.SearchHandler
2833 [coreLoadExecutor-5-thread-1] INFO  org.apache.solr.core.RequestHandlers  – adding lazy requestHandler: solr.SearchHandler
2833 [coreLoadExecutor-5-thread-1] INFO  org.apache.solr.core.RequestHandlers  – created /tvrh: solr.SearchHandler
2833 [coreLoadExecutor-5-thread-1] INFO  org.apache.solr.core.RequestHandlers  – adding lazy requestHandler: solr.SearchHandler
2834 [coreLoadExecutor-5-thread-1] INFO  org.apache.solr.core.RequestHandlers  – created /terms: solr.SearchHandler
2834 [coreLoadExecutor-5-thread-1] INFO  org.apache.solr.core.RequestHandlers  – adding lazy requestHandler: solr.SearchHandler
2834 [coreLoadExecutor-5-thread-1] INFO  org.apache.solr.core.RequestHandlers  – created /elevate: solr.SearchHandler
2847 [coreLoadExecutor-5-thread-1] INFO  org.apache.solr.handler.loader.XMLLoader  – xsltCacheLifetimeSeconds=60
2848 [coreLoadExecutor-5-thread-1] INFO  org.apache.solr.handler.loader.XMLLoader  – xsltCacheLifetimeSeconds=60
2849 [coreLoadExecutor-5-thread-1] INFO  org.apache.solr.handler.loader.XMLLoader  – xsltCacheLifetimeSeconds=60
2850 [coreLoadExecutor-5-thread-1] INFO  org.apache.solr.handler.loader.XMLLoader  – xsltCacheLifetimeSeconds=60
2850 [coreLoadExecutor-5-thread-1] INFO  org.apache.solr.handler.loader.XMLLoader  – xsltCacheLifetimeSeconds=60
2877 [coreLoadExecutor-5-thread-1] INFO  org.apache.solr.core.SolrCore  – Hard AutoCommit: if uncommited for 15000ms; 
2877 [coreLoadExecutor-5-thread-1] INFO  org.apache.solr.core.SolrCore  – Soft AutoCommit: disabled
2884 [coreLoadExecutor-5-thread-1] INFO  org.apache.solr.core.SolrCore  – SolrDeletionPolicy.onInit: commits: num=1
	commit{dir=NRTCachingDirectory(MMapDirectory@/home/sachin/Desktop/cs290N/hw1/solr-4.10.3/node2/solr/collection1/data/index lockFactory=NativeFSLockFactory@/home/sachin/Desktop/cs290N/hw1/solr-4.10.3/node2/solr/collection1/data/index; maxCacheMB=48.0 maxMergeSizeMB=4.0),segFN=segments_1,generation=1}
2884 [coreLoadExecutor-5-thread-1] INFO  org.apache.solr.core.SolrCore  – newest commit generation = 1
2890 [coreLoadExecutor-5-thread-1] INFO  org.apache.solr.search.SolrIndexSearcher  – Opening Searcher@5576e87d[collection1] main
2897 [coreLoadExecutor-5-thread-1] INFO  org.apache.solr.rest.ManagedResourceStorage  – File-based storage initialized to use dir: /home/sachin/Desktop/cs290N/hw1/solr-4.10.3/node2/solr/collection1/conf
2897 [coreLoadExecutor-5-thread-1] INFO  org.apache.solr.rest.RestManager  – Initializing RestManager with initArgs: {storageDir=/home/sachin/Desktop/cs290N/hw1/solr-4.10.3/node2/solr/collection1/conf}
2905 [coreLoadExecutor-5-thread-1] INFO  org.apache.solr.rest.ManagedResourceStorage  – Reading _rest_managed.json using file:dir=/home/sachin/Desktop/cs290N/hw1/solr-4.10.3/node2/solr/collection1/conf
2908 [coreLoadExecutor-5-thread-1] INFO  org.apache.solr.rest.ManagedResourceStorage  – Loaded LinkedHashMap at path _rest_managed.json using file:dir=/home/sachin/Desktop/cs290N/hw1/solr-4.10.3/node2/solr/collection1/conf
2908 [coreLoadExecutor-5-thread-1] INFO  org.apache.solr.rest.ManagedResource  – Loaded initArgs {} for /rest/managed
2908 [coreLoadExecutor-5-thread-1] INFO  org.apache.solr.rest.RestManager  – Initializing 0 registered ManagedResources
2909 [coreLoadExecutor-5-thread-1] INFO  org.apache.solr.handler.component.SpellCheckComponent  – Initializing spell checkers
2914 [coreLoadExecutor-5-thread-1] INFO  org.apache.solr.spelling.DirectSolrSpellChecker  – init: {name=default,field=text,classname=solr.DirectSolrSpellChecker,distanceMeasure=internal,accuracy=0.5,maxEdits=2,minPrefix=1,maxInspections=5,minQueryLength=4,maxQueryFrequency=0.01}
2920 [coreLoadExecutor-5-thread-1] INFO  org.apache.solr.handler.component.SpellCheckComponent  – No queryConverter defined, using default converter
2922 [coreLoadExecutor-5-thread-1] INFO  org.apache.solr.handler.component.QueryElevationComponent  – Loading QueryElevation from: /home/sachin/Desktop/cs290N/hw1/solr-4.10.3/node2/solr/collection1/conf/elevate.xml
2952 [coreLoadExecutor-5-thread-1] INFO  org.apache.solr.handler.ReplicationHandler  – Commits will be reserved for  10000
2953 [searcherExecutor-6-thread-1] INFO  org.apache.solr.core.SolrCore  – QuerySenderListener sending requests to Searcher@5576e87d[collection1] main{StandardDirectoryReader(segments_1:1:nrt)}
2996 [searcherExecutor-6-thread-1] INFO  org.apache.solr.core.SolrCore  – [collection1] webapp=null path=null params={event=firstSearcher&q=static+firstSearcher+warming+in+solrconfig.xml&distrib=false} hits=0 status=0 QTime=42 
2997 [searcherExecutor-6-thread-1] INFO  org.apache.solr.core.SolrCore  – QuerySenderListener done.
2997 [searcherExecutor-6-thread-1] INFO  org.apache.solr.handler.component.SpellCheckComponent  – Loading spell index for spellchecker: default
2997 [searcherExecutor-6-thread-1] INFO  org.apache.solr.handler.component.SpellCheckComponent  – Loading spell index for spellchecker: wordbreak
3002 [searcherExecutor-6-thread-1] INFO  org.apache.solr.core.SolrCore  – [collection1] Registered new searcher Searcher@5576e87d[collection1] main{StandardDirectoryReader(segments_1:1:nrt)}
3007 [coreLoadExecutor-5-thread-1] INFO  org.apache.solr.core.CoreContainer  – registering core: collection1
3010 [main] INFO  org.apache.solr.servlet.SolrDispatchFilter  – user.dir=/home/sachin/Desktop/cs290N/hw1/solr-4.10.3/node2
3011 [main] INFO  org.apache.solr.servlet.SolrDispatchFilter  – SolrDispatchFilter.init() done
3043 [main] INFO  org.eclipse.jetty.server.AbstractConnector  – Started SocketConnector@0.0.0.0:8985
7264 [qtp310220915-15] INFO  org.apache.solr.servlet.SolrDispatchFilter  – [admin] webapp=null path=/admin/cores params={indexInfo=false&_=1423453204427&wt=json} status=0 QTime=2 
7330 [qtp310220915-15] INFO  org.apache.solr.servlet.SolrDispatchFilter  – [admin] webapp=null path=/admin/info/system params={_=1423453204475&wt=json} status=0 QTime=20 
12631 [qtp310220915-18] INFO  org.apache.solr.core.SolrCore  – [collection1] webapp=/solr path=/admin/file/ params={file=admin-extra.menu-bottom.html&_=1423453209795&contentType=text/html;charset%3Dutf-8} status=0 QTime=1 
12633 [qtp310220915-15] INFO  org.apache.solr.core.SolrCore  – [collection1] webapp=/solr path=/admin/file/ params={file=admin-extra.menu-top.html&_=1423453209794&contentType=text/html;charset%3Dutf-8} status=0 QTime=3 
12660 [qtp310220915-15] INFO  org.apache.solr.core.SolrCore  – [collection1] webapp=/solr path=/admin/luke params={numTerms=0&_=1423453209817&show=index&wt=json} status=0 QTime=1 
12664 [qtp310220915-15] INFO  org.apache.solr.core.SolrCore  – [collection1] webapp=/solr path=/replication params={command=details&_=1423453209826&wt=json} status=0 QTime=1 
12670 [qtp310220915-15] INFO  org.apache.solr.core.SolrCore  – [collection1] webapp=/solr path=/admin/file/ params={file=admin-extra.html&_=1423453209833} status=0 QTime=0 
12674 [qtp310220915-20] INFO  org.apache.solr.core.SolrCore  – [collection1] webapp=/solr path=/admin/system params={_=1423453209829&wt=json} status=0 QTime=8 
12675 [qtp310220915-18] INFO  org.apache.solr.core.SolrCore  – [collection1] webapp=/solr path=/admin/ping params={action=status&_=1423453209836&wt=json} status=503 QTime=3 
27799 [qtp310220915-15] INFO  org.apache.solr.update.UpdateHandler  – start commit{,optimize=false,openSearcher=true,waitSearcher=true,expungeDeletes=false,softCommit=false,prepareCommit=false}
28323 [qtp310220915-15] INFO  org.apache.solr.core.SolrCore  – SolrDeletionPolicy.onCommit: commits: num=2
	commit{dir=NRTCachingDirectory(MMapDirectory@/home/sachin/Desktop/cs290N/hw1/solr-4.10.3/node2/solr/collection1/data/index lockFactory=NativeFSLockFactory@/home/sachin/Desktop/cs290N/hw1/solr-4.10.3/node2/solr/collection1/data/index; maxCacheMB=48.0 maxMergeSizeMB=4.0),segFN=segments_1,generation=1}
	commit{dir=NRTCachingDirectory(MMapDirectory@/home/sachin/Desktop/cs290N/hw1/solr-4.10.3/node2/solr/collection1/data/index lockFactory=NativeFSLockFactory@/home/sachin/Desktop/cs290N/hw1/solr-4.10.3/node2/solr/collection1/data/index; maxCacheMB=48.0 maxMergeSizeMB=4.0),segFN=segments_2,generation=2}
28324 [qtp310220915-15] INFO  org.apache.solr.core.SolrCore  – newest commit generation = 2
28367 [qtp310220915-15] INFO  org.apache.solr.search.SolrIndexSearcher  – Opening Searcher@59d0ad97[collection1] main
28369 [qtp310220915-15] INFO  org.apache.solr.update.UpdateHandler  – end_commit_flush
28369 [searcherExecutor-6-thread-1] INFO  org.apache.solr.core.SolrCore  – QuerySenderListener sending requests to Searcher@59d0ad97[collection1] main{StandardDirectoryReader(segments_1:3:nrt _0(4.10.3):C1)}
28369 [searcherExecutor-6-thread-1] INFO  org.apache.solr.core.SolrCore  – QuerySenderListener done.
28373 [searcherExecutor-6-thread-1] INFO  org.apache.solr.core.SolrCore  – [collection1] Registered new searcher Searcher@59d0ad97[collection1] main{StandardDirectoryReader(segments_1:3:nrt _0(4.10.3):C1)}
28375 [qtp310220915-15] INFO  org.apache.solr.update.processor.LogUpdateProcessor  – [collection1] webapp=/solr path=/update params={commit=true?wt%3Djson&extra=info&literal.id=change.me} {add=[3 (1492598888778956800)],commit=} 0 658
30200 [qtp310220915-15] INFO  org.apache.solr.core.SolrCore  – [collection1] webapp=/solr path=/admin/luke params={numTerms=0&_=1423453227361&show=index&wt=json} status=0 QTime=1 
30204 [qtp310220915-15] INFO  org.apache.solr.core.SolrCore  – [collection1] webapp=/solr path=/replication params={command=details&_=1423453227367&wt=json} status=0 QTime=1 
30209 [qtp310220915-15] INFO  org.apache.solr.core.SolrCore  – [collection1] webapp=/solr path=/admin/system params={_=1423453227370&wt=json} status=0 QTime=4 
30211 [qtp310220915-18] INFO  org.apache.solr.core.SolrCore  – [collection1] webapp=/solr path=/admin/ping params={action=status&_=1423453227375&wt=json} status=503 QTime=0 
30210 [qtp310220915-20] INFO  org.apache.solr.core.SolrCore  – [collection1] webapp=/solr path=/admin/file/ params={file=admin-extra.html&_=1423453227372} status=0 QTime=0 
39309 [qtp310220915-15] INFO  org.apache.solr.core.SolrCore  – [collection1] webapp=/solr path=/select params={indent=true&q=*:*&_=1423453236462&wt=json} hits=1 status=0 QTime=8 
77367 [qtp310220915-15] INFO  org.apache.solr.core.SolrCore  – [collection1] webapp=/solr path=/selectd params={indent=true&q=*:*&_=1423453274530&wt=json} hits=1 status=0 QTime=1 
81568 [qtp310220915-15] INFO  org.apache.solr.core.SolrCore  – [collection1] webapp=/solr path=/selectd params={indent=true&q=*:*&_=1423453278732&wt=json} hits=1 status=0 QTime=0 
82388 [qtp310220915-15] INFO  org.apache.solr.core.SolrCore  – [collection1] webapp=/solr path=/selectd params={indent=true&q=*:*&_=1423453279552&wt=json} hits=1 status=0 QTime=0 
83017 [qtp310220915-15] INFO  org.apache.solr.core.SolrCore  – [collection1] webapp=/solr path=/selectd params={indent=true&q=*:*&_=1423453280181&wt=json} hits=1 status=0 QTime=1 
84789 [qtp310220915-15] INFO  org.apache.solr.core.SolrCore  – [collection1] webapp=/solr path=/selectd params={indent=true&q=*:*&_=1423453281953&wt=json} hits=1 status=0 QTime=1 
85565 [qtp310220915-15] INFO  org.apache.solr.core.SolrCore  – [collection1] webapp=/solr path=/selectd params={indent=true&q=*:*&_=1423453282729&wt=json} hits=1 status=0 QTime=0 
399467 [ShutdownMonitor] INFO  org.eclipse.jetty.server.Server  – Graceful shutdown SocketConnector@0.0.0.0:8985
399468 [ShutdownMonitor] INFO  org.eclipse.jetty.server.Server  – Graceful shutdown o.e.j.w.WebAppContext{/solr,file:/home/sachin/Desktop/cs290N/hw1/solr-4.10.3/node2/solr-webapp/webapp/},/home/sachin/Desktop/cs290N/hw1/solr-4.10.3/node2/webapps/solr.war
400471 [ShutdownMonitor] INFO  org.apache.solr.core.CoreContainer  – Shutting down CoreContainer instance=589283781
400472 [ShutdownMonitor] INFO  org.apache.solr.core.SolrCore  – [collection1]  CLOSING SolrCore org.apache.solr.core.SolrCore@6c7675ab
400473 [ShutdownMonitor] INFO  org.apache.solr.update.UpdateHandler  – closing DirectUpdateHandler2{commits=1,autocommit maxTime=15000ms,autocommits=0,soft autocommits=0,optimizes=0,rollbacks=0,expungeDeletes=0,docsPending=0,adds=0,deletesById=0,deletesByQuery=0,errors=0,cumulative_adds=1,cumulative_deletesById=0,cumulative_deletesByQuery=0,cumulative_errors=0,transaction_logs_total_size=6588,transaction_logs_total_number=4}
400474 [ShutdownMonitor] INFO  org.apache.solr.update.SolrCoreState  – Closing SolrCoreState
400475 [ShutdownMonitor] INFO  org.apache.solr.update.DefaultSolrCoreState  – SolrCoreState ref count has reached 0 - closing IndexWriter
400476 [ShutdownMonitor] INFO  org.apache.solr.update.DefaultSolrCoreState  – closing IndexWriter with IndexWriterCloser
400481 [ShutdownMonitor] INFO  org.apache.solr.core.SolrCore  – [collection1] Closing main searcher on request.
400493 [ShutdownMonitor] INFO  org.apache.solr.core.CachingDirectoryFactory  – Closing NRTCachingDirectoryFactory - 2 directories currently being tracked
400494 [ShutdownMonitor] INFO  org.apache.solr.core.CachingDirectoryFactory  – looking to close /home/sachin/Desktop/cs290N/hw1/solr-4.10.3/node2/solr/collection1/data [CachedDir<<refCount=0;path=/home/sachin/Desktop/cs290N/hw1/solr-4.10.3/node2/solr/collection1/data;done=false>>]
400494 [ShutdownMonitor] INFO  org.apache.solr.core.CachingDirectoryFactory  – Closing directory: /home/sachin/Desktop/cs290N/hw1/solr-4.10.3/node2/solr/collection1/data
400495 [ShutdownMonitor] INFO  org.apache.solr.core.CachingDirectoryFactory  – looking to close /home/sachin/Desktop/cs290N/hw1/solr-4.10.3/node2/solr/collection1/data/index [CachedDir<<refCount=0;path=/home/sachin/Desktop/cs290N/hw1/solr-4.10.3/node2/solr/collection1/data/index;done=false>>]
400495 [ShutdownMonitor] INFO  org.apache.solr.core.CachingDirectoryFactory  – Closing directory: /home/sachin/Desktop/cs290N/hw1/solr-4.10.3/node2/solr/collection1/data/index
400498 [ShutdownMonitor] INFO  org.eclipse.jetty.server.handler.ContextHandler  – stopped o.e.j.w.WebAppContext{/solr,file:/home/sachin/Desktop/cs290N/hw1/solr-4.10.3/node2/solr-webapp/webapp/},/home/sachin/Desktop/cs290N/hw1/solr-4.10.3/node2/webapps/solr.war
