INFO  - 2015-04-05 00:43:27.126; org.eclipse.jetty.server.Server; jetty-8.1.10.v20130312
INFO  - 2015-04-05 00:43:27.197; org.eclipse.jetty.deploy.providers.ScanningAppProvider; Deployment monitor /home/sachin/Desktop/Winter15/cs290N/hw1/solr-search/solr-4.10.3/node2/contexts at interval 0
INFO  - 2015-04-05 00:43:27.207; org.eclipse.jetty.deploy.DeploymentManager; Deployable added: /home/sachin/Desktop/Winter15/cs290N/hw1/solr-search/solr-4.10.3/node2/contexts/solr-jetty-context.xml
INFO  - 2015-04-05 00:43:28.927; org.eclipse.jetty.webapp.StandardDescriptorProcessor; NO JSP Support for /solr, did not find org.apache.jasper.servlet.JspServlet
INFO  - 2015-04-05 00:43:29.032; org.apache.solr.servlet.SolrDispatchFilter; SolrDispatchFilter.init()
INFO  - 2015-04-05 00:43:29.068; org.apache.solr.core.SolrResourceLoader; JNDI not configured for solr (NoInitialContextEx)
INFO  - 2015-04-05 00:43:29.069; org.apache.solr.core.SolrResourceLoader; using system property solr.solr.home: /home/sachin/Desktop/Winter15/cs290N/hw1/solr-search/solr-4.10.3/node2/solr
INFO  - 2015-04-05 00:43:29.071; org.apache.solr.core.SolrResourceLoader; new SolrResourceLoader for directory: '/home/sachin/Desktop/Winter15/cs290N/hw1/solr-search/solr-4.10.3/node2/solr/'
INFO  - 2015-04-05 00:43:29.225; org.apache.solr.core.ConfigSolr; Loading container configuration from /home/sachin/Desktop/Winter15/cs290N/hw1/solr-search/solr-4.10.3/node2/solr/solr.xml
INFO  - 2015-04-05 00:43:29.482; org.apache.solr.core.CorePropertiesLocator; Config-defined core root directory: /home/sachin/Desktop/Winter15/cs290N/hw1/solr-search/solr-4.10.3/node2/solr
INFO  - 2015-04-05 00:43:29.488; org.apache.solr.core.CoreContainer; New CoreContainer 444126246
INFO  - 2015-04-05 00:43:29.489; org.apache.solr.core.CoreContainer; Loading cores into CoreContainer [instanceDir=/home/sachin/Desktop/Winter15/cs290N/hw1/solr-search/solr-4.10.3/node2/solr/]
INFO  - 2015-04-05 00:43:29.500; org.apache.solr.handler.component.HttpShardHandlerFactory; Setting socketTimeout to: 0
INFO  - 2015-04-05 00:43:29.501; org.apache.solr.handler.component.HttpShardHandlerFactory; Setting urlScheme to: null
INFO  - 2015-04-05 00:43:29.504; org.apache.solr.handler.component.HttpShardHandlerFactory; Setting connTimeout to: 0
INFO  - 2015-04-05 00:43:29.505; org.apache.solr.handler.component.HttpShardHandlerFactory; Setting maxConnectionsPerHost to: 20
INFO  - 2015-04-05 00:43:29.507; org.apache.solr.handler.component.HttpShardHandlerFactory; Setting corePoolSize to: 0
INFO  - 2015-04-05 00:43:29.507; org.apache.solr.handler.component.HttpShardHandlerFactory; Setting maximumPoolSize to: 2147483647
INFO  - 2015-04-05 00:43:29.508; org.apache.solr.handler.component.HttpShardHandlerFactory; Setting maxThreadIdleTime to: 5
INFO  - 2015-04-05 00:43:29.508; org.apache.solr.handler.component.HttpShardHandlerFactory; Setting sizeOfQueue to: -1
INFO  - 2015-04-05 00:43:29.508; org.apache.solr.handler.component.HttpShardHandlerFactory; Setting fairnessPolicy to: false
INFO  - 2015-04-05 00:43:30.192; org.apache.solr.update.UpdateShardHandler; Creating UpdateShardHandler HTTP client with params: socketTimeout=0&connTimeout=0&retry=false
INFO  - 2015-04-05 00:43:30.194; org.apache.solr.logging.LogWatcher; SLF4J impl is org.slf4j.impl.Log4jLoggerFactory
INFO  - 2015-04-05 00:43:30.196; org.apache.solr.logging.LogWatcher; Registering Log Listener [Log4j (org.slf4j.impl.Log4jLoggerFactory)]
INFO  - 2015-04-05 00:43:30.197; org.apache.solr.core.CoreContainer; Host Name: 
INFO  - 2015-04-05 00:43:30.228; org.apache.solr.cloud.SolrZkServer; STARTING EMBEDDED STANDALONE ZOOKEEPER SERVER at port 9983
INFO  - 2015-04-05 00:43:30.729; org.apache.solr.core.ZkContainer; Zookeeper client=localhost:9983
INFO  - 2015-04-05 00:43:30.765; org.apache.solr.common.cloud.ConnectionManager; Waiting for client to connect to ZooKeeper
INFO  - 2015-04-05 00:43:30.921; org.apache.solr.common.cloud.ConnectionManager; Watcher org.apache.solr.common.cloud.ConnectionManager@32d8b1ee name:ZooKeeperConnection Watcher:localhost:9983 got event WatchedEvent state:SyncConnected type:None path:null path:null type:None
INFO  - 2015-04-05 00:43:30.923; org.apache.solr.common.cloud.ConnectionManager; Client is connected to ZooKeeper
INFO  - 2015-04-05 00:43:30.960; org.apache.solr.common.cloud.SolrZkClient; makePath: /overseer/queue
INFO  - 2015-04-05 00:43:30.987; org.apache.solr.common.cloud.SolrZkClient; makePath: /overseer/collection-queue-work
INFO  - 2015-04-05 00:43:31.011; org.apache.solr.common.cloud.SolrZkClient; makePath: /overseer/collection-map-running
INFO  - 2015-04-05 00:43:31.042; org.apache.solr.common.cloud.SolrZkClient; makePath: /overseer/collection-map-completed
INFO  - 2015-04-05 00:43:31.065; org.apache.solr.common.cloud.SolrZkClient; makePath: /overseer/collection-map-failure
INFO  - 2015-04-05 00:43:31.100; org.apache.solr.common.cloud.SolrZkClient; makePath: /live_nodes
INFO  - 2015-04-05 00:43:31.108; org.apache.solr.cloud.ZkController; Register node as live in ZooKeeper:/live_nodes/127.0.1.1:8983_solr
INFO  - 2015-04-05 00:43:31.117; org.apache.solr.common.cloud.SolrZkClient; makePath: /live_nodes/127.0.1.1:8983_solr
INFO  - 2015-04-05 00:43:31.142; org.apache.solr.common.cloud.SolrZkClient; makePath: /collections
INFO  - 2015-04-05 00:43:31.157; org.apache.solr.common.cloud.SolrZkClient; makePath: /overseer_elect
INFO  - 2015-04-05 00:43:31.163; org.apache.solr.common.cloud.SolrZkClient; makePath: /overseer_elect/election
INFO  - 2015-04-05 00:43:31.175; org.apache.solr.cloud.Overseer; Overseer (id=null) closing
INFO  - 2015-04-05 00:43:31.195; org.apache.solr.cloud.OverseerElectionContext; I am going to be the leader 127.0.1.1:8983_solr
INFO  - 2015-04-05 00:43:31.201; org.apache.solr.common.cloud.SolrZkClient; makePath: /overseer_elect/leader
INFO  - 2015-04-05 00:43:31.219; org.apache.solr.cloud.Overseer; Overseer (id=93598161989009408-127.0.1.1:8983_solr-n_0000000000) starting
INFO  - 2015-04-05 00:43:31.263; org.apache.solr.common.cloud.SolrZkClient; makePath: /overseer/queue-work
INFO  - 2015-04-05 00:43:31.379; org.apache.solr.cloud.OverseerAutoReplicaFailoverThread; Starting OverseerAutoReplicaFailoverThread autoReplicaFailoverWorkLoopDelay=10000 autoReplicaFailoverWaitAfterExpiration=30000 autoReplicaFailoverBadNodeExpiration=60000
INFO  - 2015-04-05 00:43:31.401; org.apache.solr.cloud.OverseerCollectionProcessor; Process current queue of collection creations
INFO  - 2015-04-05 00:43:31.403; org.apache.solr.common.cloud.SolrZkClient; makePath: /clusterstate.json
INFO  - 2015-04-05 00:43:31.420; org.apache.solr.common.cloud.SolrZkClient; makePath: /aliases.json
INFO  - 2015-04-05 00:43:31.432; org.apache.solr.common.cloud.ZkStateReader; Updating cluster state from ZooKeeper... 
INFO  - 2015-04-05 00:43:31.446; org.apache.solr.cloud.Overseer$ClusterStateUpdater; Starting to work on the main queue
INFO  - 2015-04-05 00:43:31.481; org.apache.solr.common.cloud.SolrZkClient; makePath: /configs/myconf/lang/hyphenations_ga.txt
INFO  - 2015-04-05 00:43:31.531; org.apache.solr.common.cloud.SolrZkClient; makePath: /configs/myconf/lang/userdict_ja.txt
INFO  - 2015-04-05 00:43:31.573; org.apache.solr.common.cloud.SolrZkClient; makePath: /configs/myconf/lang/stopwords_en.txt
INFO  - 2015-04-05 00:43:31.609; org.apache.solr.common.cloud.SolrZkClient; makePath: /configs/myconf/lang/stopwords_nl.txt
INFO  - 2015-04-05 00:43:31.662; org.apache.solr.common.cloud.SolrZkClient; makePath: /configs/myconf/lang/stopwords_pt.txt
INFO  - 2015-04-05 00:43:31.715; org.apache.solr.common.cloud.SolrZkClient; makePath: /configs/myconf/lang/stopwords_sv.txt
INFO  - 2015-04-05 00:43:31.762; org.apache.solr.common.cloud.SolrZkClient; makePath: /configs/myconf/lang/stopwords_ga.txt
INFO  - 2015-04-05 00:43:31.783; org.apache.solr.common.cloud.SolrZkClient; makePath: /configs/myconf/lang/stopwords_gl.txt
INFO  - 2015-04-05 00:43:31.828; org.apache.solr.common.cloud.SolrZkClient; makePath: /configs/myconf/lang/stopwords_tr.txt
INFO  - 2015-04-05 00:43:31.851; org.apache.solr.common.cloud.SolrZkClient; makePath: /configs/myconf/lang/stopwords_bg.txt
INFO  - 2015-04-05 00:43:31.895; org.apache.solr.common.cloud.SolrZkClient; makePath: /configs/myconf/lang/stopwords_ru.txt
INFO  - 2015-04-05 00:43:31.940; org.apache.solr.common.cloud.SolrZkClient; makePath: /configs/myconf/lang/stopwords_lv.txt
INFO  - 2015-04-05 00:43:31.961; org.apache.solr.common.cloud.SolrZkClient; makePath: /configs/myconf/lang/contractions_ga.txt
INFO  - 2015-04-05 00:43:31.998; org.apache.solr.common.cloud.SolrZkClient; makePath: /configs/myconf/lang/stopwords_el.txt
INFO  - 2015-04-05 00:43:32.017; org.apache.solr.common.cloud.SolrZkClient; makePath: /configs/myconf/lang/stopwords_da.txt
INFO  - 2015-04-05 00:43:32.063; org.apache.solr.common.cloud.SolrZkClient; makePath: /configs/myconf/lang/stopwords_ckb.txt
INFO  - 2015-04-05 00:43:32.107; org.apache.solr.common.cloud.SolrZkClient; makePath: /configs/myconf/lang/stoptags_ja.txt
INFO  - 2015-04-05 00:43:32.152; org.apache.solr.common.cloud.SolrZkClient; makePath: /configs/myconf/lang/stopwords_fa.txt
INFO  - 2015-04-05 00:43:32.196; org.apache.solr.common.cloud.SolrZkClient; makePath: /configs/myconf/lang/contractions_fr.txt
INFO  - 2015-04-05 00:43:32.216; org.apache.solr.common.cloud.SolrZkClient; makePath: /configs/myconf/lang/stopwords_es.txt
INFO  - 2015-04-05 00:43:32.262; org.apache.solr.common.cloud.SolrZkClient; makePath: /configs/myconf/lang/stopwords_ja.txt
INFO  - 2015-04-05 00:43:32.308; org.apache.solr.common.cloud.SolrZkClient; makePath: /configs/myconf/lang/stopwords_ar.txt
INFO  - 2015-04-05 00:43:32.327; org.apache.solr.common.cloud.SolrZkClient; makePath: /configs/myconf/lang/stopwords_hu.txt
INFO  - 2015-04-05 00:43:32.374; org.apache.solr.common.cloud.SolrZkClient; makePath: /configs/myconf/lang/stopwords_hy.txt
INFO  - 2015-04-05 00:43:32.411; org.apache.solr.common.cloud.SolrZkClient; makePath: /configs/myconf/lang/stopwords_th.txt
INFO  - 2015-04-05 00:43:32.438; org.apache.solr.common.cloud.SolrZkClient; makePath: /configs/myconf/lang/stopwords_no.txt
INFO  - 2015-04-05 00:43:32.485; org.apache.solr.common.cloud.SolrZkClient; makePath: /configs/myconf/lang/contractions_ca.txt
INFO  - 2015-04-05 00:43:32.504; org.apache.solr.common.cloud.SolrZkClient; makePath: /configs/myconf/lang/stopwords_ro.txt
INFO  - 2015-04-05 00:43:32.528; org.apache.solr.common.cloud.SolrZkClient; makePath: /configs/myconf/lang/stopwords_eu.txt
INFO  - 2015-04-05 00:43:32.549; org.apache.solr.common.cloud.SolrZkClient; makePath: /configs/myconf/lang/stopwords_cz.txt
INFO  - 2015-04-05 00:43:32.596; org.apache.solr.common.cloud.SolrZkClient; makePath: /configs/myconf/lang/stemdict_nl.txt
INFO  - 2015-04-05 00:43:32.615; org.apache.solr.common.cloud.SolrZkClient; makePath: /configs/myconf/lang/stopwords_de.txt
INFO  - 2015-04-05 00:43:32.665; org.apache.solr.common.cloud.SolrZkClient; makePath: /configs/myconf/lang/stopwords_it.txt
INFO  - 2015-04-05 00:43:32.709; org.apache.solr.common.cloud.SolrZkClient; makePath: /configs/myconf/lang/contractions_it.txt
INFO  - 2015-04-05 00:43:32.737; org.apache.solr.common.cloud.SolrZkClient; makePath: /configs/myconf/lang/stopwords_hi.txt
INFO  - 2015-04-05 00:43:32.796; org.apache.solr.common.cloud.SolrZkClient; makePath: /configs/myconf/lang/stopwords_id.txt
INFO  - 2015-04-05 00:43:32.843; org.apache.solr.common.cloud.SolrZkClient; makePath: /configs/myconf/lang/stopwords_ca.txt
INFO  - 2015-04-05 00:43:32.870; org.apache.solr.common.cloud.SolrZkClient; makePath: /configs/myconf/lang/stopwords_fi.txt
INFO  - 2015-04-05 00:43:32.909; org.apache.solr.common.cloud.SolrZkClient; makePath: /configs/myconf/lang/stopwords_fr.txt
INFO  - 2015-04-05 00:43:32.954; org.apache.solr.common.cloud.SolrZkClient; makePath: /configs/myconf/stopwords.txt
INFO  - 2015-04-05 00:43:32.970; org.apache.solr.common.cloud.SolrZkClient; makePath: /configs/myconf/_schema_analysis_stopwords_english.json
INFO  - 2015-04-05 00:43:32.998; org.apache.solr.common.cloud.SolrZkClient; makePath: /configs/myconf/schema.xml.new
INFO  - 2015-04-05 00:43:33.043; org.apache.solr.common.cloud.SolrZkClient; makePath: /configs/myconf/xslt/luke.xsl
INFO  - 2015-04-05 00:43:33.098; org.apache.solr.common.cloud.SolrZkClient; makePath: /configs/myconf/xslt/updateXml.xsl
INFO  - 2015-04-05 00:43:33.143; org.apache.solr.common.cloud.SolrZkClient; makePath: /configs/myconf/xslt/example.xsl
INFO  - 2015-04-05 00:43:33.188; org.apache.solr.common.cloud.SolrZkClient; makePath: /configs/myconf/xslt/example_rss.xsl
INFO  - 2015-04-05 00:43:33.212; org.apache.solr.common.cloud.SolrZkClient; makePath: /configs/myconf/xslt/example_atom.xsl
INFO  - 2015-04-05 00:43:33.244; org.apache.solr.common.cloud.SolrZkClient; makePath: /configs/myconf/mapping-FoldToASCII.txt
INFO  - 2015-04-05 00:43:33.288; org.apache.solr.common.cloud.SolrZkClient; makePath: /configs/myconf/protwords.txt
INFO  - 2015-04-05 00:43:33.303; org.apache.solr.common.cloud.SolrZkClient; makePath: /configs/myconf/mapping-ISOLatin1Accent.txt
INFO  - 2015-04-05 00:43:33.345; org.apache.solr.common.cloud.SolrZkClient; makePath: /configs/myconf/velocity/hit_plain.vm
INFO  - 2015-04-05 00:43:33.382; org.apache.solr.common.cloud.SolrZkClient; makePath: /configs/myconf/velocity/query.vm
INFO  - 2015-04-05 00:43:33.421; org.apache.solr.common.cloud.SolrZkClient; makePath: /configs/myconf/velocity/layout.vm
INFO  - 2015-04-05 00:43:33.447; org.apache.solr.common.cloud.SolrZkClient; makePath: /configs/myconf/velocity/facet_pivot.vm
INFO  - 2015-04-05 00:43:33.470; org.apache.solr.common.cloud.SolrZkClient; makePath: /configs/myconf/velocity/head.vm
INFO  - 2015-04-05 00:43:33.510; org.apache.solr.common.cloud.SolrZkClient; makePath: /configs/myconf/velocity/query_spatial.vm
INFO  - 2015-04-05 00:43:33.536; org.apache.solr.common.cloud.SolrZkClient; makePath: /configs/myconf/velocity/header.vm
INFO  - 2015-04-05 00:43:33.546; org.apache.solr.common.cloud.SolrZkClient; makePath: /configs/myconf/velocity/pagination_bottom.vm
INFO  - 2015-04-05 00:43:33.569; org.apache.solr.common.cloud.SolrZkClient; makePath: /configs/myconf/velocity/product_doc.vm
INFO  - 2015-04-05 00:43:33.611; org.apache.solr.common.cloud.SolrZkClient; makePath: /configs/myconf/velocity/debug.vm
INFO  - 2015-04-05 00:43:33.636; org.apache.solr.common.cloud.SolrZkClient; makePath: /configs/myconf/velocity/suggest.vm
INFO  - 2015-04-05 00:43:33.659; org.apache.solr.common.cloud.SolrZkClient; makePath: /configs/myconf/velocity/query_group.vm
INFO  - 2015-04-05 00:43:33.681; org.apache.solr.common.cloud.SolrZkClient; makePath: /configs/myconf/velocity/cluster_results.vm
INFO  - 2015-04-05 00:43:33.722; org.apache.solr.common.cloud.SolrZkClient; makePath: /configs/myconf/velocity/cluster.vm
INFO  - 2015-04-05 00:43:33.746; org.apache.solr.common.cloud.SolrZkClient; makePath: /configs/myconf/velocity/facet_fields.vm
INFO  - 2015-04-05 00:43:33.769; org.apache.solr.common.cloud.SolrZkClient; makePath: /configs/myconf/velocity/README.txt
INFO  - 2015-04-05 00:43:33.811; org.apache.solr.common.cloud.SolrZkClient; makePath: /configs/myconf/velocity/hit_grouped.vm
INFO  - 2015-04-05 00:43:33.835; org.apache.solr.common.cloud.SolrZkClient; makePath: /configs/myconf/velocity/VM_global_library.vm
INFO  - 2015-04-05 00:43:33.877; org.apache.solr.common.cloud.SolrZkClient; makePath: /configs/myconf/velocity/facet_queries.vm
INFO  - 2015-04-05 00:43:33.901; org.apache.solr.common.cloud.SolrZkClient; makePath: /configs/myconf/velocity/mime_type_lists.vm
INFO  - 2015-04-05 00:43:34.067; org.apache.solr.common.cloud.SolrZkClient; makePath: /configs/myconf/velocity/facet_ranges.vm
INFO  - 2015-04-05 00:43:34.201; org.apache.solr.common.cloud.SolrZkClient; makePath: /configs/myconf/velocity/richtext_doc.vm
INFO  - 2015-04-05 00:43:34.443; org.apache.solr.common.cloud.SolrZkClient; makePath: /configs/myconf/velocity/results_list.vm
INFO  - 2015-04-05 00:43:34.466; org.apache.solr.common.cloud.SolrZkClient; makePath: /configs/myconf/velocity/query_form.vm
INFO  - 2015-04-05 00:43:34.510; org.apache.solr.common.cloud.SolrZkClient; makePath: /configs/myconf/velocity/footer.vm
INFO  - 2015-04-05 00:43:34.532; org.apache.solr.common.cloud.SolrZkClient; makePath: /configs/myconf/velocity/facets.vm
INFO  - 2015-04-05 00:43:34.554; org.apache.solr.common.cloud.SolrZkClient; makePath: /configs/myconf/velocity/tabs.vm
INFO  - 2015-04-05 00:43:34.597; org.apache.solr.common.cloud.SolrZkClient; makePath: /configs/myconf/velocity/join_doc.vm
INFO  - 2015-04-05 00:43:34.622; org.apache.solr.common.cloud.SolrZkClient; makePath: /configs/myconf/velocity/browse.vm
INFO  - 2015-04-05 00:43:34.633; org.apache.solr.common.cloud.SolrZkClient; makePath: /configs/myconf/velocity/did_you_mean.vm
INFO  - 2015-04-05 00:43:34.644; org.apache.solr.common.cloud.SolrZkClient; makePath: /configs/myconf/velocity/jquery.autocomplete.css
INFO  - 2015-04-05 00:43:34.655; org.apache.solr.common.cloud.SolrZkClient; makePath: /configs/myconf/velocity/error.vm
INFO  - 2015-04-05 00:43:34.666; org.apache.solr.common.cloud.SolrZkClient; makePath: /configs/myconf/velocity/jquery.autocomplete.js
INFO  - 2015-04-05 00:43:34.710; org.apache.solr.common.cloud.SolrZkClient; makePath: /configs/myconf/velocity/hit.vm
INFO  - 2015-04-05 00:43:34.754; org.apache.solr.common.cloud.SolrZkClient; makePath: /configs/myconf/velocity/pagination_top.vm
INFO  - 2015-04-05 00:43:34.777; org.apache.solr.common.cloud.SolrZkClient; makePath: /configs/myconf/velocity/main.css
INFO  - 2015-04-05 00:43:34.810; org.apache.solr.common.cloud.SolrZkClient; makePath: /configs/myconf/update-script.js
INFO  - 2015-04-05 00:43:34.834; org.apache.solr.common.cloud.SolrZkClient; makePath: /configs/myconf/clustering/carrot2/kmeans-attributes.xml
INFO  - 2015-04-05 00:43:34.879; org.apache.solr.common.cloud.SolrZkClient; makePath: /configs/myconf/clustering/carrot2/stc-attributes.xml
INFO  - 2015-04-05 00:43:34.900; org.apache.solr.common.cloud.SolrZkClient; makePath: /configs/myconf/clustering/carrot2/lingo-attributes.xml
INFO  - 2015-04-05 00:43:34.944; org.apache.solr.common.cloud.SolrZkClient; makePath: /configs/myconf/spellings.txt
INFO  - 2015-04-05 00:43:34.966; org.apache.solr.common.cloud.SolrZkClient; makePath: /configs/myconf/_rest_managed.json
INFO  - 2015-04-05 00:43:34.976; org.apache.solr.common.cloud.SolrZkClient; makePath: /configs/myconf/admin-extra.menu-bottom.html
INFO  - 2015-04-05 00:43:34.988; org.apache.solr.common.cloud.SolrZkClient; makePath: /configs/myconf/elevate.xml
INFO  - 2015-04-05 00:43:35.011; org.apache.solr.common.cloud.SolrZkClient; makePath: /configs/myconf/solrconfig.xml.orig
INFO  - 2015-04-05 00:43:35.055; org.apache.solr.common.cloud.SolrZkClient; makePath: /configs/myconf/admin-extra.html
INFO  - 2015-04-05 00:43:35.087; org.apache.solr.common.cloud.SolrZkClient; makePath: /configs/myconf/solrconfig.xml
INFO  - 2015-04-05 00:43:35.133; org.apache.solr.common.cloud.SolrZkClient; makePath: /configs/myconf/admin-extra.menu-top.html
INFO  - 2015-04-05 00:43:35.179; org.apache.solr.common.cloud.SolrZkClient; makePath: /configs/myconf/synonyms.txt
INFO  - 2015-04-05 00:43:35.201; org.apache.solr.common.cloud.SolrZkClient; makePath: /configs/myconf/_schema_analysis_synonyms_english.json
INFO  - 2015-04-05 00:43:35.223; org.apache.solr.common.cloud.SolrZkClient; makePath: /configs/myconf/schema.xml
INFO  - 2015-04-05 00:43:35.268; org.apache.solr.common.cloud.SolrZkClient; makePath: /configs/myconf/currency.xml
INFO  - 2015-04-05 00:43:35.321; org.apache.solr.common.cloud.SolrZkClient; makePath: /configs/myconf/schema.xml.orig
INFO  - 2015-04-05 00:43:35.390; org.apache.solr.common.cloud.SolrZkClient; makePath: /configs/myconf/scripts.conf
INFO  - 2015-04-05 00:43:35.463; org.apache.solr.core.CorePropertiesLocator; Looking for core definitions underneath /home/sachin/Desktop/Winter15/cs290N/hw1/solr-search/solr-4.10.3/node2/solr
INFO  - 2015-04-05 00:43:35.483; org.apache.solr.core.CorePropertiesLocator; Found core collection1 in /home/sachin/Desktop/Winter15/cs290N/hw1/solr-search/solr-4.10.3/node2/solr/collection1/
INFO  - 2015-04-05 00:43:35.483; org.apache.solr.core.CorePropertiesLocator; Found 1 core definitions
INFO  - 2015-04-05 00:43:35.487; org.apache.solr.cloud.ZkController; publishing core=collection1 state=down collection=collection1
INFO  - 2015-04-05 00:43:35.488; org.apache.solr.cloud.ZkController; numShards not found on descriptor - reading it from system property
INFO  - 2015-04-05 00:43:35.512; org.apache.solr.cloud.ZkController; look for our core node name
INFO  - 2015-04-05 00:43:35.514; org.apache.solr.cloud.DistributedQueue$LatchChildWatcher; LatchChildWatcher fired on path: /overseer/queue state: SyncConnected type NodeChildrenChanged
INFO  - 2015-04-05 00:43:35.524; org.apache.solr.cloud.Overseer$ClusterStateUpdater; Update state numShards=1 message={
  "operation":"state",
  "numShards":"1",
  "shard":null,
  "roles":null,
  "state":"down",
  "core":"collection1",
  "collection":"collection1",
  "node_name":"127.0.1.1:8983_solr",
  "base_url":"http://127.0.1.1:8983/solr"}
INFO  - 2015-04-05 00:43:35.524; org.apache.solr.cloud.Overseer$ClusterStateUpdater; Create collection collection1 with shards [shard1]
INFO  - 2015-04-05 00:43:35.535; org.apache.solr.cloud.Overseer$ClusterStateUpdater; Assigning new node to shard shard=shard1
INFO  - 2015-04-05 00:43:35.565; org.apache.solr.common.cloud.ZkStateReader$2; A cluster state change: WatchedEvent state:SyncConnected type:NodeDataChanged path:/clusterstate.json, has occurred - updating... (live nodes size: 1)
INFO  - 2015-04-05 00:43:36.513; org.apache.solr.cloud.ZkController; waiting to find shard id in clusterstate for collection1
INFO  - 2015-04-05 00:43:36.514; org.apache.solr.cloud.ZkController; Check for collection zkNode:collection1
INFO  - 2015-04-05 00:43:36.517; org.apache.solr.cloud.ZkController; Creating collection in ZooKeeper:collection1
INFO  - 2015-04-05 00:43:36.517; org.apache.solr.cloud.ZkController; Setting config for collection:collection1 to myconf
INFO  - 2015-04-05 00:43:36.518; org.apache.solr.common.cloud.SolrZkClient; makePath: /collections/collection1
INFO  - 2015-04-05 00:43:36.577; org.apache.solr.common.cloud.ZkStateReader; Load collection config from:/collections/collection1
INFO  - 2015-04-05 00:43:36.582; org.apache.solr.common.cloud.ZkStateReader; path=/collections/collection1 configName=myconf specified config exists in ZooKeeper
INFO  - 2015-04-05 00:43:36.583; org.apache.solr.core.SolrResourceLoader; new SolrResourceLoader for directory: '/home/sachin/Desktop/Winter15/cs290N/hw1/solr-search/solr-4.10.3/node2/solr/collection1/'
INFO  - 2015-04-05 00:43:36.691; org.apache.solr.core.SolrConfig; Adding specified lib dirs to ClassLoader
INFO  - 2015-04-05 00:43:36.694; org.apache.solr.core.SolrResourceLoader; Adding 'file:/home/sachin/Desktop/Winter15/cs290N/hw1/solr-search/solr-4.10.3/contrib/extraction/lib/poi-ooxml-3.10.1.jar' to classloader
INFO  - 2015-04-05 00:43:36.694; org.apache.solr.core.SolrResourceLoader; Adding 'file:/home/sachin/Desktop/Winter15/cs290N/hw1/solr-search/solr-4.10.3/contrib/extraction/lib/xz-1.4.jar' to classloader
INFO  - 2015-04-05 00:43:36.694; org.apache.solr.core.SolrResourceLoader; Adding 'file:/home/sachin/Desktop/Winter15/cs290N/hw1/solr-search/solr-4.10.3/contrib/extraction/lib/jhighlight-1.0.jar' to classloader
INFO  - 2015-04-05 00:43:36.694; org.apache.solr.core.SolrResourceLoader; Adding 'file:/home/sachin/Desktop/Winter15/cs290N/hw1/solr-search/solr-4.10.3/contrib/extraction/lib/pdfbox-1.8.4.jar' to classloader
INFO  - 2015-04-05 00:43:36.694; org.apache.solr.core.SolrResourceLoader; Adding 'file:/home/sachin/Desktop/Winter15/cs290N/hw1/solr-search/solr-4.10.3/contrib/extraction/lib/jempbox-1.8.4.jar' to classloader
INFO  - 2015-04-05 00:43:36.695; org.apache.solr.core.SolrResourceLoader; Adding 'file:/home/sachin/Desktop/Winter15/cs290N/hw1/solr-search/solr-4.10.3/contrib/extraction/lib/icu4j-53.1.jar' to classloader
INFO  - 2015-04-05 00:43:36.695; org.apache.solr.core.SolrResourceLoader; Adding 'file:/home/sachin/Desktop/Winter15/cs290N/hw1/solr-search/solr-4.10.3/contrib/extraction/lib/poi-ooxml-schemas-3.10.1.jar' to classloader
INFO  - 2015-04-05 00:43:36.695; org.apache.solr.core.SolrResourceLoader; Adding 'file:/home/sachin/Desktop/Winter15/cs290N/hw1/solr-search/solr-4.10.3/contrib/extraction/lib/isoparser-1.0-RC-1.jar' to classloader
INFO  - 2015-04-05 00:43:36.695; org.apache.solr.core.SolrResourceLoader; Adding 'file:/home/sachin/Desktop/Winter15/cs290N/hw1/solr-search/solr-4.10.3/contrib/extraction/lib/apache-mime4j-core-0.7.2.jar' to classloader
INFO  - 2015-04-05 00:43:36.695; org.apache.solr.core.SolrResourceLoader; Adding 'file:/home/sachin/Desktop/Winter15/cs290N/hw1/solr-search/solr-4.10.3/contrib/extraction/lib/rome-0.9.jar' to classloader
INFO  - 2015-04-05 00:43:36.696; org.apache.solr.core.SolrResourceLoader; Adding 'file:/home/sachin/Desktop/Winter15/cs290N/hw1/solr-search/solr-4.10.3/contrib/extraction/lib/poi-3.10.1.jar' to classloader
INFO  - 2015-04-05 00:43:36.696; org.apache.solr.core.SolrResourceLoader; Adding 'file:/home/sachin/Desktop/Winter15/cs290N/hw1/solr-search/solr-4.10.3/contrib/extraction/lib/tika-core-1.5.jar' to classloader
INFO  - 2015-04-05 00:43:36.696; org.apache.solr.core.SolrResourceLoader; Adding 'file:/home/sachin/Desktop/Winter15/cs290N/hw1/solr-search/solr-4.10.3/contrib/extraction/lib/tagsoup-1.2.1.jar' to classloader
INFO  - 2015-04-05 00:43:36.696; org.apache.solr.core.SolrResourceLoader; Adding 'file:/home/sachin/Desktop/Winter15/cs290N/hw1/solr-search/solr-4.10.3/contrib/extraction/lib/aspectjrt-1.6.11.jar' to classloader
INFO  - 2015-04-05 00:43:36.696; org.apache.solr.core.SolrResourceLoader; Adding 'file:/home/sachin/Desktop/Winter15/cs290N/hw1/solr-search/solr-4.10.3/contrib/extraction/lib/juniversalchardet-1.0.3.jar' to classloader
INFO  - 2015-04-05 00:43:36.697; org.apache.solr.core.SolrResourceLoader; Adding 'file:/home/sachin/Desktop/Winter15/cs290N/hw1/solr-search/solr-4.10.3/contrib/extraction/lib/poi-scratchpad-3.10.1.jar' to classloader
INFO  - 2015-04-05 00:43:36.697; org.apache.solr.core.SolrResourceLoader; Adding 'file:/home/sachin/Desktop/Winter15/cs290N/hw1/solr-search/solr-4.10.3/contrib/extraction/lib/xmpcore-5.1.2.jar' to classloader
INFO  - 2015-04-05 00:43:36.697; org.apache.solr.core.SolrResourceLoader; Adding 'file:/home/sachin/Desktop/Winter15/cs290N/hw1/solr-search/solr-4.10.3/contrib/extraction/lib/xmlbeans-2.6.0.jar' to classloader
INFO  - 2015-04-05 00:43:36.697; org.apache.solr.core.SolrResourceLoader; Adding 'file:/home/sachin/Desktop/Winter15/cs290N/hw1/solr-search/solr-4.10.3/contrib/extraction/lib/vorbis-java-tika-0.1.jar' to classloader
INFO  - 2015-04-05 00:43:36.697; org.apache.solr.core.SolrResourceLoader; Adding 'file:/home/sachin/Desktop/Winter15/cs290N/hw1/solr-search/solr-4.10.3/contrib/extraction/lib/bcmail-jdk15-1.45.jar' to classloader
INFO  - 2015-04-05 00:43:36.697; org.apache.solr.core.SolrResourceLoader; Adding 'file:/home/sachin/Desktop/Winter15/cs290N/hw1/solr-search/solr-4.10.3/contrib/extraction/lib/commons-compress-1.7.jar' to classloader
INFO  - 2015-04-05 00:43:36.697; org.apache.solr.core.SolrResourceLoader; Adding 'file:/home/sachin/Desktop/Winter15/cs290N/hw1/solr-search/solr-4.10.3/contrib/extraction/lib/jdom-1.0.jar' to classloader
INFO  - 2015-04-05 00:43:36.698; org.apache.solr.core.SolrResourceLoader; Adding 'file:/home/sachin/Desktop/Winter15/cs290N/hw1/solr-search/solr-4.10.3/contrib/extraction/lib/bcprov-jdk15-1.45.jar' to classloader
INFO  - 2015-04-05 00:43:36.698; org.apache.solr.core.SolrResourceLoader; Adding 'file:/home/sachin/Desktop/Winter15/cs290N/hw1/solr-search/solr-4.10.3/contrib/extraction/lib/apache-mime4j-dom-0.7.2.jar' to classloader
INFO  - 2015-04-05 00:43:36.698; org.apache.solr.core.SolrResourceLoader; Adding 'file:/home/sachin/Desktop/Winter15/cs290N/hw1/solr-search/solr-4.10.3/contrib/extraction/lib/xercesImpl-2.9.1.jar' to classloader
INFO  - 2015-04-05 00:43:36.698; org.apache.solr.core.SolrResourceLoader; Adding 'file:/home/sachin/Desktop/Winter15/cs290N/hw1/solr-search/solr-4.10.3/contrib/extraction/lib/vorbis-java-core-0.1.jar' to classloader
INFO  - 2015-04-05 00:43:36.698; org.apache.solr.core.SolrResourceLoader; Adding 'file:/home/sachin/Desktop/Winter15/cs290N/hw1/solr-search/solr-4.10.3/contrib/extraction/lib/dom4j-1.6.1.jar' to classloader
INFO  - 2015-04-05 00:43:36.698; org.apache.solr.core.SolrResourceLoader; Adding 'file:/home/sachin/Desktop/Winter15/cs290N/hw1/solr-search/solr-4.10.3/contrib/extraction/lib/fontbox-1.8.4.jar' to classloader
INFO  - 2015-04-05 00:43:36.699; org.apache.solr.core.SolrResourceLoader; Adding 'file:/home/sachin/Desktop/Winter15/cs290N/hw1/solr-search/solr-4.10.3/contrib/extraction/lib/tika-xmp-1.5.jar' to classloader
INFO  - 2015-04-05 00:43:36.699; org.apache.solr.core.SolrResourceLoader; Adding 'file:/home/sachin/Desktop/Winter15/cs290N/hw1/solr-search/solr-4.10.3/contrib/extraction/lib/boilerpipe-1.1.0.jar' to classloader
INFO  - 2015-04-05 00:43:36.699; org.apache.solr.core.SolrResourceLoader; Adding 'file:/home/sachin/Desktop/Winter15/cs290N/hw1/solr-search/solr-4.10.3/contrib/extraction/lib/tika-parsers-1.5.jar' to classloader
INFO  - 2015-04-05 00:43:36.699; org.apache.solr.core.SolrResourceLoader; Adding 'file:/home/sachin/Desktop/Winter15/cs290N/hw1/solr-search/solr-4.10.3/contrib/extraction/lib/metadata-extractor-2.6.2.jar' to classloader
INFO  - 2015-04-05 00:43:36.700; org.apache.solr.core.SolrResourceLoader; Adding 'file:/home/sachin/Desktop/Winter15/cs290N/hw1/solr-search/solr-4.10.3/dist/solr-cell-4.10.3.jar' to classloader
INFO  - 2015-04-05 00:43:36.701; org.apache.solr.core.SolrResourceLoader; Adding 'file:/home/sachin/Desktop/Winter15/cs290N/hw1/solr-search/solr-4.10.3/contrib/clustering/lib/hppc-0.5.2.jar' to classloader
INFO  - 2015-04-05 00:43:36.701; org.apache.solr.core.SolrResourceLoader; Adding 'file:/home/sachin/Desktop/Winter15/cs290N/hw1/solr-search/solr-4.10.3/contrib/clustering/lib/mahout-collections-1.0.jar' to classloader
INFO  - 2015-04-05 00:43:36.701; org.apache.solr.core.SolrResourceLoader; Adding 'file:/home/sachin/Desktop/Winter15/cs290N/hw1/solr-search/solr-4.10.3/contrib/clustering/lib/jackson-mapper-asl-1.9.13.jar' to classloader
INFO  - 2015-04-05 00:43:36.701; org.apache.solr.core.SolrResourceLoader; Adding 'file:/home/sachin/Desktop/Winter15/cs290N/hw1/solr-search/solr-4.10.3/contrib/clustering/lib/attributes-binder-1.2.1.jar' to classloader
INFO  - 2015-04-05 00:43:36.702; org.apache.solr.core.SolrResourceLoader; Adding 'file:/home/sachin/Desktop/Winter15/cs290N/hw1/solr-search/solr-4.10.3/contrib/clustering/lib/jackson-core-asl-1.9.13.jar' to classloader
INFO  - 2015-04-05 00:43:36.702; org.apache.solr.core.SolrResourceLoader; Adding 'file:/home/sachin/Desktop/Winter15/cs290N/hw1/solr-search/solr-4.10.3/contrib/clustering/lib/simple-xml-2.7.jar' to classloader
INFO  - 2015-04-05 00:43:36.702; org.apache.solr.core.SolrResourceLoader; Adding 'file:/home/sachin/Desktop/Winter15/cs290N/hw1/solr-search/solr-4.10.3/contrib/clustering/lib/mahout-math-0.6.jar' to classloader
INFO  - 2015-04-05 00:43:36.702; org.apache.solr.core.SolrResourceLoader; Adding 'file:/home/sachin/Desktop/Winter15/cs290N/hw1/solr-search/solr-4.10.3/contrib/clustering/lib/carrot2-mini-3.9.0.jar' to classloader
INFO  - 2015-04-05 00:43:36.703; org.apache.solr.core.SolrResourceLoader; Adding 'file:/home/sachin/Desktop/Winter15/cs290N/hw1/solr-search/solr-4.10.3/dist/solr-clustering-4.10.3.jar' to classloader
INFO  - 2015-04-05 00:43:36.703; org.apache.solr.core.SolrResourceLoader; Adding 'file:/home/sachin/Desktop/Winter15/cs290N/hw1/solr-search/solr-4.10.3/contrib/langid/lib/langdetect-1.1-20120112.jar' to classloader
INFO  - 2015-04-05 00:43:36.703; org.apache.solr.core.SolrResourceLoader; Adding 'file:/home/sachin/Desktop/Winter15/cs290N/hw1/solr-search/solr-4.10.3/contrib/langid/lib/jsonic-1.2.7.jar' to classloader
INFO  - 2015-04-05 00:43:36.704; org.apache.solr.core.SolrResourceLoader; Adding 'file:/home/sachin/Desktop/Winter15/cs290N/hw1/solr-search/solr-4.10.3/dist/solr-langid-4.10.3.jar' to classloader
INFO  - 2015-04-05 00:43:36.705; org.apache.solr.core.SolrResourceLoader; Adding 'file:/home/sachin/Desktop/Winter15/cs290N/hw1/solr-search/solr-4.10.3/contrib/velocity/lib/velocity-1.7.jar' to classloader
INFO  - 2015-04-05 00:43:36.705; org.apache.solr.core.SolrResourceLoader; Adding 'file:/home/sachin/Desktop/Winter15/cs290N/hw1/solr-search/solr-4.10.3/contrib/velocity/lib/commons-collections-3.2.1.jar' to classloader
INFO  - 2015-04-05 00:43:36.705; org.apache.solr.core.SolrResourceLoader; Adding 'file:/home/sachin/Desktop/Winter15/cs290N/hw1/solr-search/solr-4.10.3/contrib/velocity/lib/velocity-tools-2.0.jar' to classloader
INFO  - 2015-04-05 00:43:36.705; org.apache.solr.core.SolrResourceLoader; Adding 'file:/home/sachin/Desktop/Winter15/cs290N/hw1/solr-search/solr-4.10.3/contrib/velocity/lib/commons-beanutils-1.8.3.jar' to classloader
INFO  - 2015-04-05 00:43:36.706; org.apache.solr.core.SolrResourceLoader; Adding 'file:/home/sachin/Desktop/Winter15/cs290N/hw1/solr-search/solr-4.10.3/dist/solr-velocity-4.10.3.jar' to classloader
INFO  - 2015-04-05 00:43:37.574; org.apache.solr.update.SolrIndexConfig; IndexWriter infoStream solr logging is enabled
INFO  - 2015-04-05 00:43:37.584; org.apache.solr.core.SolrConfig; Using Lucene MatchVersion: 4.10.3
INFO  - 2015-04-05 00:43:37.893; org.apache.solr.core.SolrConfig; Loaded SolrConfig: solrconfig.xml
INFO  - 2015-04-05 00:43:37.904; org.apache.solr.schema.IndexSchema; Reading Solr Schema from /configs/myconf/schema.xml
INFO  - 2015-04-05 00:43:37.923; org.apache.solr.schema.IndexSchema; [collection1] Schema name=nsf
INFO  - 2015-04-05 00:43:38.099; org.apache.solr.schema.IndexSchema; unique key field: id
INFO  - 2015-04-05 00:43:38.257; org.apache.solr.core.CoreContainer; Creating SolrCore 'collection1' using configuration from collection collection1
INFO  - 2015-04-05 00:43:38.279; org.apache.solr.core.SolrCore; solr.NRTCachingDirectoryFactory
INFO  - 2015-04-05 00:43:38.288; org.apache.solr.core.SolrCore; [collection1] Opening new SolrCore at /home/sachin/Desktop/Winter15/cs290N/hw1/solr-search/solr-4.10.3/node2/solr/collection1/, dataDir=/home/sachin/Desktop/Winter15/cs290N/hw1/solr-search/solr-4.10.3/node2/solr/collection1/data/
INFO  - 2015-04-05 00:43:38.291; org.apache.solr.core.JmxMonitoredMap; JMX monitoring is enabled. Adding Solr mbeans to JMX Server: com.sun.jmx.mbeanserver.JmxMBeanServer@78e941c2
INFO  - 2015-04-05 00:43:38.310; org.apache.solr.core.SolrCore; [collection1] Added SolrEventListener for newSearcher: org.apache.solr.core.QuerySenderListener{queries=[]}
INFO  - 2015-04-05 00:43:38.310; org.apache.solr.core.SolrCore; [collection1] Added SolrEventListener for firstSearcher: org.apache.solr.core.QuerySenderListener{queries=[{q=static firstSearcher warming in solrconfig.xml}]}
INFO  - 2015-04-05 00:43:38.346; org.apache.solr.core.CachingDirectoryFactory; return new directory for /home/sachin/Desktop/Winter15/cs290N/hw1/solr-search/solr-4.10.3/node2/solr/collection1/data
INFO  - 2015-04-05 00:43:38.368; org.apache.solr.core.SolrCore; New index directory detected: old=null new=/home/sachin/Desktop/Winter15/cs290N/hw1/solr-search/solr-4.10.3/node2/solr/collection1/data/index/
INFO  - 2015-04-05 00:43:38.375; org.apache.solr.core.CachingDirectoryFactory; return new directory for /home/sachin/Desktop/Winter15/cs290N/hw1/solr-search/solr-4.10.3/node2/solr/collection1/data/index
INFO  - 2015-04-05 00:43:38.387; org.apache.solr.core.SolrCore; created json: solr.JSONResponseWriter
INFO  - 2015-04-05 00:43:38.387; org.apache.solr.core.SolrCore; adding lazy queryResponseWriter: solr.VelocityResponseWriter
INFO  - 2015-04-05 00:43:38.388; org.apache.solr.core.SolrCore; created velocity: solr.VelocityResponseWriter
INFO  - 2015-04-05 00:43:38.402; org.apache.solr.core.SolrCore; created xslt: solr.XSLTResponseWriter
INFO  - 2015-04-05 00:43:38.402; org.apache.solr.response.XSLTResponseWriter; xsltCacheLifetimeSeconds=5
INFO  - 2015-04-05 00:43:38.489; org.apache.solr.core.SolrCore; no updateRequestProcessorChain defined as default, creating implicit default
INFO  - 2015-04-05 00:43:38.497; org.apache.solr.core.RequestHandlers; created /update: org.apache.solr.handler.UpdateRequestHandler
INFO  - 2015-04-05 00:43:38.498; org.apache.solr.core.RequestHandlers; created /update/json: org.apache.solr.handler.UpdateRequestHandler
INFO  - 2015-04-05 00:43:38.499; org.apache.solr.core.RequestHandlers; created /update/csv: org.apache.solr.handler.UpdateRequestHandler
INFO  - 2015-04-05 00:43:38.500; org.apache.solr.core.RequestHandlers; created /update/json/docs: org.apache.solr.handler.UpdateRequestHandler
INFO  - 2015-04-05 00:43:38.505; org.apache.solr.core.RequestHandlers; created /select: solr.SearchHandler
INFO  - 2015-04-05 00:43:38.506; org.apache.solr.core.RequestHandlers; created /selectd: solr.SearchHandler
INFO  - 2015-04-05 00:43:38.507; org.apache.solr.core.RequestHandlers; created /query: solr.SearchHandler
INFO  - 2015-04-05 00:43:38.509; org.apache.solr.core.RequestHandlers; created /get: solr.RealTimeGetHandler
INFO  - 2015-04-05 00:43:38.510; org.apache.solr.core.RequestHandlers; created /export: solr.SearchHandler
INFO  - 2015-04-05 00:43:38.511; org.apache.solr.core.RequestHandlers; created /browse: solr.SearchHandler
WARN  - 2015-04-05 00:43:38.513; org.apache.solr.core.RequestHandlers; Multiple requestHandler registered to the same name: /update ignoring: org.apache.solr.handler.UpdateRequestHandler
INFO  - 2015-04-05 00:43:38.514; org.apache.solr.core.RequestHandlers; created /update: solr.UpdateRequestHandler
INFO  - 2015-04-05 00:43:38.514; org.apache.solr.core.RequestHandlers; adding lazy requestHandler: solr.extraction.ExtractingRequestHandler
INFO  - 2015-04-05 00:43:38.514; org.apache.solr.core.RequestHandlers; created /update/extract: solr.extraction.ExtractingRequestHandler
INFO  - 2015-04-05 00:43:38.514; org.apache.solr.core.RequestHandlers; adding lazy requestHandler: solr.FieldAnalysisRequestHandler
INFO  - 2015-04-05 00:43:38.515; org.apache.solr.core.RequestHandlers; created /analysis/field: solr.FieldAnalysisRequestHandler
INFO  - 2015-04-05 00:43:38.515; org.apache.solr.core.RequestHandlers; adding lazy requestHandler: solr.DocumentAnalysisRequestHandler
INFO  - 2015-04-05 00:43:38.515; org.apache.solr.core.RequestHandlers; created /analysis/document: solr.DocumentAnalysisRequestHandler
INFO  - 2015-04-05 00:43:38.517; org.apache.solr.core.RequestHandlers; created /admin/: solr.admin.AdminHandlers
INFO  - 2015-04-05 00:43:38.520; org.apache.solr.core.RequestHandlers; created /admin/ping: solr.PingRequestHandler
INFO  - 2015-04-05 00:43:38.522; org.apache.solr.core.RequestHandlers; created /debug/dump: solr.DumpRequestHandler
INFO  - 2015-04-05 00:43:38.531; org.apache.solr.core.RequestHandlers; created /replication: solr.ReplicationHandler
INFO  - 2015-04-05 00:43:38.531; org.apache.solr.core.RequestHandlers; adding lazy requestHandler: solr.SearchHandler
INFO  - 2015-04-05 00:43:38.531; org.apache.solr.core.RequestHandlers; created /spell: solr.SearchHandler
INFO  - 2015-04-05 00:43:38.531; org.apache.solr.core.RequestHandlers; adding lazy requestHandler: solr.SearchHandler
INFO  - 2015-04-05 00:43:38.532; org.apache.solr.core.RequestHandlers; created /tvrh: solr.SearchHandler
INFO  - 2015-04-05 00:43:38.532; org.apache.solr.core.RequestHandlers; adding lazy requestHandler: solr.SearchHandler
INFO  - 2015-04-05 00:43:38.532; org.apache.solr.core.RequestHandlers; created /terms: solr.SearchHandler
INFO  - 2015-04-05 00:43:38.532; org.apache.solr.core.RequestHandlers; adding lazy requestHandler: solr.SearchHandler
INFO  - 2015-04-05 00:43:38.532; org.apache.solr.core.RequestHandlers; created /elevate: solr.SearchHandler
INFO  - 2015-04-05 00:43:38.550; org.apache.solr.handler.loader.XMLLoader; xsltCacheLifetimeSeconds=60
INFO  - 2015-04-05 00:43:38.552; org.apache.solr.handler.loader.XMLLoader; xsltCacheLifetimeSeconds=60
INFO  - 2015-04-05 00:43:38.553; org.apache.solr.handler.loader.XMLLoader; xsltCacheLifetimeSeconds=60
INFO  - 2015-04-05 00:43:38.553; org.apache.solr.handler.loader.XMLLoader; xsltCacheLifetimeSeconds=60
INFO  - 2015-04-05 00:43:38.554; org.apache.solr.handler.loader.XMLLoader; xsltCacheLifetimeSeconds=60
INFO  - 2015-04-05 00:43:38.621; org.apache.solr.update.CommitTracker; Hard AutoCommit: if uncommited for 15000ms; 
INFO  - 2015-04-05 00:43:38.622; org.apache.solr.update.CommitTracker; Soft AutoCommit: disabled
INFO  - 2015-04-05 00:43:38.721; org.apache.solr.core.SolrDeletionPolicy; SolrDeletionPolicy.onInit: commits: num=1
	commit{dir=NRTCachingDirectory(MMapDirectory@/home/sachin/Desktop/Winter15/cs290N/hw1/solr-search/solr-4.10.3/node2/solr/collection1/data/index lockFactory=NativeFSLockFactory@/home/sachin/Desktop/Winter15/cs290N/hw1/solr-search/solr-4.10.3/node2/solr/collection1/data/index; maxCacheMB=48.0 maxMergeSizeMB=4.0),segFN=segments_2,generation=2}
INFO  - 2015-04-05 00:43:38.721; org.apache.solr.core.SolrDeletionPolicy; newest commit generation = 2
INFO  - 2015-04-05 00:43:38.790; org.apache.solr.search.SolrIndexSearcher; Opening Searcher@40d44732[collection1] main
INFO  - 2015-04-05 00:43:38.798; org.apache.solr.common.cloud.ZkStateReader; Load collection config from:/collections/collection1
INFO  - 2015-04-05 00:43:38.800; org.apache.solr.common.cloud.ZkStateReader; path=/collections/collection1 configName=myconf specified config exists in ZooKeeper
INFO  - 2015-04-05 00:43:38.800; org.apache.solr.rest.ManagedResourceStorage; Setting up ZooKeeper-based storage for the RestManager with znodeBase: /configs/myconf
INFO  - 2015-04-05 00:43:38.803; org.apache.solr.rest.ManagedResourceStorage$ZooKeeperStorageIO; Configured ZooKeeperStorageIO with znodeBase: /configs/myconf
INFO  - 2015-04-05 00:43:38.803; org.apache.solr.rest.RestManager; Initializing RestManager with initArgs: {}
INFO  - 2015-04-05 00:43:38.813; org.apache.solr.rest.ManagedResourceStorage; Reading _rest_managed.json using ZooKeeperStorageIO:path=/configs/myconf
INFO  - 2015-04-05 00:43:38.816; org.apache.solr.rest.ManagedResourceStorage$ZooKeeperStorageIO; Read 34 bytes from znode /configs/myconf/_rest_managed.json
INFO  - 2015-04-05 00:43:38.816; org.apache.solr.rest.ManagedResourceStorage; Loaded LinkedHashMap at path _rest_managed.json using ZooKeeperStorageIO:path=/configs/myconf
INFO  - 2015-04-05 00:43:38.817; org.apache.solr.rest.ManagedResource; Loaded initArgs {} for /rest/managed
INFO  - 2015-04-05 00:43:38.817; org.apache.solr.rest.RestManager; Initializing 0 registered ManagedResources
INFO  - 2015-04-05 00:43:38.817; org.apache.solr.handler.component.SpellCheckComponent; Initializing spell checkers
INFO  - 2015-04-05 00:43:38.828; org.apache.solr.spelling.DirectSolrSpellChecker; init: {name=default,field=text,classname=solr.DirectSolrSpellChecker,distanceMeasure=internal,accuracy=0.5,maxEdits=2,minPrefix=1,maxInspections=5,minQueryLength=4,maxQueryFrequency=0.01}
INFO  - 2015-04-05 00:43:38.840; org.apache.solr.handler.component.SpellCheckComponent; No queryConverter defined, using default converter
INFO  - 2015-04-05 00:43:38.843; org.apache.solr.common.cloud.ZkStateReader; Load collection config from:/collections/collection1
INFO  - 2015-04-05 00:43:38.845; org.apache.solr.common.cloud.ZkStateReader; path=/collections/collection1 configName=myconf specified config exists in ZooKeeper
INFO  - 2015-04-05 00:43:38.877; org.apache.solr.handler.ReplicationHandler; Commits will be reserved for  10000
INFO  - 2015-04-05 00:43:38.877; org.apache.solr.core.QuerySenderListener; QuerySenderListener sending requests to Searcher@40d44732[collection1] main{StandardDirectoryReader(segments_2:3:nrt _0(4.10.3):C1)}
INFO  - 2015-04-05 00:43:38.924; org.apache.solr.core.SolrCore; [collection1] webapp=null path=null params={event=firstSearcher&q=static+firstSearcher+warming+in+solrconfig.xml&distrib=false} hits=0 status=0 QTime=45 
INFO  - 2015-04-05 00:43:38.924; org.apache.solr.core.QuerySenderListener; QuerySenderListener done.
INFO  - 2015-04-05 00:43:38.925; org.apache.solr.handler.component.SpellCheckComponent$SpellCheckerListener; Loading spell index for spellchecker: default
INFO  - 2015-04-05 00:43:38.925; org.apache.solr.handler.component.SpellCheckComponent$SpellCheckerListener; Loading spell index for spellchecker: wordbreak
INFO  - 2015-04-05 00:43:38.930; org.apache.solr.core.SolrCore; [collection1] Registered new searcher Searcher@40d44732[collection1] main{StandardDirectoryReader(segments_2:3:nrt _0(4.10.3):C1)}
INFO  - 2015-04-05 00:43:38.943; org.apache.solr.core.CoreContainer; registering core: collection1
INFO  - 2015-04-05 00:43:38.945; org.apache.solr.cloud.ZkController; Register replica - core:collection1 address:http://127.0.1.1:8983/solr collection:collection1 shard:shard1
INFO  - 2015-04-05 00:43:38.946; org.apache.solr.servlet.SolrDispatchFilter; user.dir=/home/sachin/Desktop/Winter15/cs290N/hw1/solr-search/solr-4.10.3/node2
INFO  - 2015-04-05 00:43:38.946; org.apache.solr.servlet.SolrDispatchFilter; SolrDispatchFilter.init() done
INFO  - 2015-04-05 00:43:38.965; org.apache.solr.common.cloud.SolrZkClient; makePath: /collections/collection1/leader_elect/shard1/election
INFO  - 2015-04-05 00:43:39.037; org.eclipse.jetty.server.AbstractConnector; Started SocketConnector@0.0.0.0:8983
INFO  - 2015-04-05 00:43:39.040; org.apache.solr.cloud.ShardLeaderElectionContext; Running the leader process for shard shard1
INFO  - 2015-04-05 00:43:39.063; org.apache.solr.cloud.DistributedQueue$LatchChildWatcher; LatchChildWatcher fired on path: /overseer/queue state: SyncConnected type NodeChildrenChanged
INFO  - 2015-04-05 00:43:39.064; org.apache.solr.cloud.ShardLeaderElectionContext; Enough replicas found to continue.
INFO  - 2015-04-05 00:43:39.065; org.apache.solr.cloud.ShardLeaderElectionContext; I may be the new leader - try and sync
INFO  - 2015-04-05 00:43:39.067; org.apache.solr.cloud.SyncStrategy; Sync replicas to http://127.0.1.1:8983/solr/collection1/
INFO  - 2015-04-05 00:43:39.068; org.apache.solr.cloud.SyncStrategy; Sync Success - now sync replicas to me
INFO  - 2015-04-05 00:43:39.069; org.apache.solr.cloud.SyncStrategy; http://127.0.1.1:8983/solr/collection1/ has no replicas
INFO  - 2015-04-05 00:43:39.069; org.apache.solr.cloud.ShardLeaderElectionContext; I am the new leader: http://127.0.1.1:8983/solr/collection1/ shard1
INFO  - 2015-04-05 00:43:39.072; org.apache.solr.common.cloud.SolrZkClient; makePath: /collections/collection1/leaders/shard1
INFO  - 2015-04-05 00:43:39.141; org.apache.solr.common.cloud.ZkStateReader$2; A cluster state change: WatchedEvent state:SyncConnected type:NodeDataChanged path:/clusterstate.json, has occurred - updating... (live nodes size: 1)
INFO  - 2015-04-05 00:43:39.207; org.apache.solr.cloud.DistributedQueue$LatchChildWatcher; LatchChildWatcher fired on path: /overseer/queue state: SyncConnected type NodeChildrenChanged
INFO  - 2015-04-05 00:43:39.218; org.apache.solr.common.cloud.ZkStateReader$2; A cluster state change: WatchedEvent state:SyncConnected type:NodeDataChanged path:/clusterstate.json, has occurred - updating... (live nodes size: 1)
INFO  - 2015-04-05 00:43:39.238; org.apache.solr.cloud.ZkController; We are http://127.0.1.1:8983/solr/collection1/ and leader is http://127.0.1.1:8983/solr/collection1/
INFO  - 2015-04-05 00:43:39.240; org.apache.solr.cloud.ZkController; No LogReplay needed for core=collection1 baseURL=http://127.0.1.1:8983/solr
INFO  - 2015-04-05 00:43:39.240; org.apache.solr.cloud.ZkController; I am the leader, no recovery necessary
INFO  - 2015-04-05 00:43:39.241; org.apache.solr.cloud.ZkController; publishing core=collection1 state=active collection=collection1
INFO  - 2015-04-05 00:43:39.241; org.apache.solr.cloud.ZkController; numShards not found on descriptor - reading it from system property
INFO  - 2015-04-05 00:43:39.251; org.apache.solr.cloud.DistributedQueue$LatchChildWatcher; LatchChildWatcher fired on path: /overseer/queue state: SyncConnected type NodeChildrenChanged
INFO  - 2015-04-05 00:43:39.261; org.apache.solr.cloud.Overseer$ClusterStateUpdater; Update state numShards=1 message={
  "operation":"state",
  "core_node_name":"core_node1",
  "numShards":"1",
  "shard":"shard1",
  "roles":null,
  "state":"active",
  "core":"collection1",
  "collection":"collection1",
  "node_name":"127.0.1.1:8983_solr",
  "base_url":"http://127.0.1.1:8983/solr"}
INFO  - 2015-04-05 00:43:39.396; org.apache.solr.common.cloud.ZkStateReader$2; A cluster state change: WatchedEvent state:SyncConnected type:NodeDataChanged path:/clusterstate.json, has occurred - updating... (live nodes size: 1)
INFO  - 2015-04-05 00:43:57.215; org.apache.solr.servlet.SolrDispatchFilter; [admin] webapp=null path=/admin/cores params={indexInfo=false&_=1428194637209&wt=json} status=0 QTime=2 
INFO  - 2015-04-05 00:43:57.630; org.apache.solr.servlet.SolrDispatchFilter; [admin] webapp=null path=/admin/info/system params={_=1428194637347&wt=json} status=0 QTime=280 
INFO  - 2015-04-05 00:43:58.029; org.apache.solr.core.SolrCore; [collection1] webapp=/solr path=/admin/luke params={numTerms=0&_=1428194637653&wt=json} status=0 QTime=158 
INFO  - 2015-04-05 00:43:58.051; org.apache.solr.core.SolrCore; [collection1] webapp=/solr path=/admin/luke params={_=1428194638038&show=schema&wt=json} status=0 QTime=3 
INFO  - 2015-04-05 00:44:05.497; org.apache.solr.core.SolrCore; [collection1] webapp=/solr path=/replication params={command=details&_=1428194645485&wt=json} status=0 QTime=3 
INFO  - 2015-04-05 00:44:16.163; org.apache.solr.core.SolrCore; [collection1] webapp=/solr path=/admin/luke params={_=1428194656124&show=schema&wt=json} status=0 QTime=1 
INFO  - 2015-04-05 00:44:17.810; org.apache.solr.core.SolrCore; [collection1] webapp=/solr path=/admin/file/ params={file=admin-extra.menu-top.html&_=1428194657786&contentType=text/html;charset%3Dutf-8} status=0 QTime=19 
INFO  - 2015-04-05 00:44:17.813; org.apache.solr.core.SolrCore; [collection1] webapp=/solr path=/admin/file/ params={file=admin-extra.menu-bottom.html&_=1428194657786&contentType=text/html;charset%3Dutf-8} status=0 QTime=21 
INFO  - 2015-04-05 00:44:17.872; org.apache.solr.core.SolrCore; [collection1] webapp=/solr path=/admin/luke params={numTerms=0&_=1428194657821&show=index&wt=json} status=0 QTime=1 
INFO  - 2015-04-05 00:44:17.873; org.apache.solr.core.SolrCore; [collection1] webapp=/solr path=/replication params={command=details&_=1428194657826&wt=json} status=0 QTime=2 
INFO  - 2015-04-05 00:44:17.906; org.apache.solr.core.SolrCore; [collection1] webapp=/solr path=/admin/ping params={action=status&_=1428194657830&wt=json} status=503 QTime=4 
INFO  - 2015-04-05 00:44:17.911; org.apache.solr.core.SolrCore; [collection1] webapp=/solr path=/admin/file/ params={file=admin-extra.html&_=1428194657828} status=0 QTime=7 
INFO  - 2015-04-05 00:44:17.918; org.apache.solr.core.SolrCore; [collection1] webapp=/solr path=/admin/system params={_=1428194657827&wt=json} status=0 QTime=16 
INFO  - 2015-04-05 00:44:32.093; org.eclipse.jetty.server.Server; Graceful shutdown SocketConnector@0.0.0.0:8983
INFO  - 2015-04-05 00:44:32.094; org.eclipse.jetty.server.Server; Graceful shutdown o.e.j.w.WebAppContext{/solr,file:/home/sachin/Desktop/Winter15/cs290N/hw1/solr-search/solr-4.10.3/node2/solr-webapp/webapp/},/home/sachin/Desktop/Winter15/cs290N/hw1/solr-search/solr-4.10.3/node2/webapps/solr.war
INFO  - 2015-04-05 00:44:33.114; org.apache.solr.core.CoreContainer; Shutting down CoreContainer instance=444126246
INFO  - 2015-04-05 00:44:33.115; org.apache.solr.cloud.ZkController; publishing core=collection1 state=down collection=collection1
INFO  - 2015-04-05 00:44:33.116; org.apache.solr.cloud.ZkController; numShards not found on descriptor - reading it from system property
INFO  - 2015-04-05 00:44:33.140; org.apache.solr.cloud.DistributedQueue$LatchChildWatcher; LatchChildWatcher fired on path: /overseer/queue state: SyncConnected type NodeChildrenChanged
INFO  - 2015-04-05 00:44:33.142; org.apache.solr.core.SolrCore; [collection1]  CLOSING SolrCore org.apache.solr.core.SolrCore@3569158f
INFO  - 2015-04-05 00:44:33.147; org.apache.solr.update.DirectUpdateHandler2; closing DirectUpdateHandler2{commits=0,autocommit maxTime=15000ms,autocommits=0,soft autocommits=0,optimizes=0,rollbacks=0,expungeDeletes=0,docsPending=0,adds=0,deletesById=0,deletesByQuery=0,errors=0,cumulative_adds=0,cumulative_deletesById=0,cumulative_deletesByQuery=0,cumulative_errors=0,transaction_logs_total_size=6588,transaction_logs_total_number=4}
INFO  - 2015-04-05 00:44:33.148; org.apache.solr.update.SolrCoreState; Closing SolrCoreState
INFO  - 2015-04-05 00:44:33.148; org.apache.solr.update.DefaultSolrCoreState; SolrCoreState ref count has reached 0 - closing IndexWriter
INFO  - 2015-04-05 00:44:33.149; org.apache.solr.update.DefaultSolrCoreState; closing IndexWriter with IndexWriterCloser
INFO  - 2015-04-05 00:44:33.149; org.apache.solr.cloud.Overseer$ClusterStateUpdater; Update state numShards=1 message={
  "operation":"state",
  "core_node_name":"core_node1",
  "numShards":"1",
  "shard":"shard1",
  "roles":null,
  "state":"down",
  "core":"collection1",
  "collection":"collection1",
  "node_name":"127.0.1.1:8983_solr",
  "base_url":"http://127.0.1.1:8983/solr"}
INFO  - 2015-04-05 00:44:33.168; org.apache.solr.core.SolrCore; [collection1] Closing main searcher on request.
INFO  - 2015-04-05 00:44:33.196; org.apache.solr.core.CachingDirectoryFactory; Closing NRTCachingDirectoryFactory - 2 directories currently being tracked
INFO  - 2015-04-05 00:44:33.197; org.apache.solr.core.CachingDirectoryFactory; looking to close /home/sachin/Desktop/Winter15/cs290N/hw1/solr-search/solr-4.10.3/node2/solr/collection1/data [CachedDir<<refCount=0;path=/home/sachin/Desktop/Winter15/cs290N/hw1/solr-search/solr-4.10.3/node2/solr/collection1/data;done=false>>]
INFO  - 2015-04-05 00:44:33.198; org.apache.solr.core.CachingDirectoryFactory; Closing directory: /home/sachin/Desktop/Winter15/cs290N/hw1/solr-search/solr-4.10.3/node2/solr/collection1/data
INFO  - 2015-04-05 00:44:33.198; org.apache.solr.core.CachingDirectoryFactory; looking to close /home/sachin/Desktop/Winter15/cs290N/hw1/solr-search/solr-4.10.3/node2/solr/collection1/data/index [CachedDir<<refCount=0;path=/home/sachin/Desktop/Winter15/cs290N/hw1/solr-search/solr-4.10.3/node2/solr/collection1/data/index;done=false>>]
INFO  - 2015-04-05 00:44:33.198; org.apache.solr.core.CachingDirectoryFactory; Closing directory: /home/sachin/Desktop/Winter15/cs290N/hw1/solr-search/solr-4.10.3/node2/solr/collection1/data/index
INFO  - 2015-04-05 00:44:33.200; org.apache.solr.cloud.Overseer; Overseer (id=93598161989009408-127.0.1.1:8983_solr-n_0000000000) closing
INFO  - 2015-04-05 00:44:33.202; org.apache.solr.cloud.Overseer$ClusterStateUpdater; Overseer Loop exiting : 127.0.1.1:8983_solr
WARN  - 2015-04-05 00:44:33.263; org.apache.solr.common.cloud.ZkStateReader$3; ZooKeeper watch triggered, but Solr cannot talk to ZK
WARN  - 2015-04-05 00:44:33.264; org.apache.zookeeper.server.ZooKeeperServerMain; Server interrupted
java.lang.InterruptedException
	at java.lang.Object.wait(Native Method)
	at java.lang.Thread.join(Thread.java:1281)
	at java.lang.Thread.join(Thread.java:1355)
	at org.apache.zookeeper.server.NIOServerCnxnFactory.join(NIOServerCnxnFactory.java:302)
	at org.apache.zookeeper.server.ZooKeeperServerMain.runFromConfig(ZooKeeperServerMain.java:114)
	at org.apache.solr.cloud.SolrZkServer$1.run(SolrZkServer.java:121)
INFO  - 2015-04-05 00:44:33.267; org.eclipse.jetty.server.handler.ContextHandler; stopped o.e.j.w.WebAppContext{/solr,file:/home/sachin/Desktop/Winter15/cs290N/hw1/solr-search/solr-4.10.3/node2/solr-webapp/webapp/},/home/sachin/Desktop/Winter15/cs290N/hw1/solr-search/solr-4.10.3/node2/webapps/solr.war
INFO  - 2015-04-05 00:44:33.268; org.apache.solr.cloud.SolrZkServer$1; ZooKeeper Server exited.
INFO  - 2015-04-04 18:02:30.142; org.eclipse.jetty.server.Server; jetty-8.1.10.v20130312
INFO  - 2015-04-04 18:02:30.166; org.eclipse.jetty.deploy.providers.ScanningAppProvider; Deployment monitor /home/sachin/Desktop/Winter15/cs290N/hw1/solr-search/solr-4.10.3/node2/contexts at interval 0
INFO  - 2015-04-04 18:02:30.174; org.eclipse.jetty.deploy.DeploymentManager; Deployable added: /home/sachin/Desktop/Winter15/cs290N/hw1/solr-search/solr-4.10.3/node2/contexts/solr-jetty-context.xml
INFO  - 2015-04-04 18:02:31.315; org.eclipse.jetty.webapp.StandardDescriptorProcessor; NO JSP Support for /solr, did not find org.apache.jasper.servlet.JspServlet
INFO  - 2015-04-04 18:02:31.380; org.apache.solr.servlet.SolrDispatchFilter; SolrDispatchFilter.init()
INFO  - 2015-04-04 18:02:31.397; org.apache.solr.core.SolrResourceLoader; JNDI not configured for solr (NoInitialContextEx)
INFO  - 2015-04-04 18:02:31.398; org.apache.solr.core.SolrResourceLoader; solr home defaulted to 'solr/' (could not find system property or JNDI)
INFO  - 2015-04-04 18:02:31.399; org.apache.solr.core.SolrResourceLoader; new SolrResourceLoader for directory: 'solr/'
INFO  - 2015-04-04 18:02:31.540; org.apache.solr.core.ConfigSolr; Loading container configuration from /home/sachin/Desktop/Winter15/cs290N/hw1/solr-search/solr-4.10.3/node2/solr/solr.xml
INFO  - 2015-04-04 18:02:31.653; org.apache.solr.core.CorePropertiesLocator; Config-defined core root directory: /home/sachin/Desktop/Winter15/cs290N/hw1/solr-search/solr-4.10.3/node2/solr
INFO  - 2015-04-04 18:02:31.661; org.apache.solr.core.CoreContainer; New CoreContainer 1455776506
INFO  - 2015-04-04 18:02:31.662; org.apache.solr.core.CoreContainer; Loading cores into CoreContainer [instanceDir=solr/]
INFO  - 2015-04-04 18:02:31.677; org.apache.solr.handler.component.HttpShardHandlerFactory; Setting socketTimeout to: 0
INFO  - 2015-04-04 18:02:31.677; org.apache.solr.handler.component.HttpShardHandlerFactory; Setting urlScheme to: null
INFO  - 2015-04-04 18:02:31.683; org.apache.solr.handler.component.HttpShardHandlerFactory; Setting connTimeout to: 0
INFO  - 2015-04-04 18:02:31.683; org.apache.solr.handler.component.HttpShardHandlerFactory; Setting maxConnectionsPerHost to: 20
INFO  - 2015-04-04 18:02:31.687; org.apache.solr.handler.component.HttpShardHandlerFactory; Setting corePoolSize to: 0
INFO  - 2015-04-04 18:02:31.687; org.apache.solr.handler.component.HttpShardHandlerFactory; Setting maximumPoolSize to: 2147483647
INFO  - 2015-04-04 18:02:31.687; org.apache.solr.handler.component.HttpShardHandlerFactory; Setting maxThreadIdleTime to: 5
INFO  - 2015-04-04 18:02:31.688; org.apache.solr.handler.component.HttpShardHandlerFactory; Setting sizeOfQueue to: -1
INFO  - 2015-04-04 18:02:31.688; org.apache.solr.handler.component.HttpShardHandlerFactory; Setting fairnessPolicy to: false
INFO  - 2015-04-04 18:02:32.086; org.apache.solr.update.UpdateShardHandler; Creating UpdateShardHandler HTTP client with params: socketTimeout=0&connTimeout=0&retry=false
INFO  - 2015-04-04 18:02:32.088; org.apache.solr.logging.LogWatcher; SLF4J impl is org.slf4j.impl.Log4jLoggerFactory
INFO  - 2015-04-04 18:02:32.089; org.apache.solr.logging.LogWatcher; Registering Log Listener [Log4j (org.slf4j.impl.Log4jLoggerFactory)]
INFO  - 2015-04-04 18:02:32.090; org.apache.solr.core.CoreContainer; Host Name: 
INFO  - 2015-04-04 18:02:32.129; org.apache.solr.core.CorePropertiesLocator; Looking for core definitions underneath /home/sachin/Desktop/Winter15/cs290N/hw1/solr-search/solr-4.10.3/node2/solr
INFO  - 2015-04-04 18:02:32.140; org.apache.solr.core.CorePropertiesLocator; Found core collection1 in /home/sachin/Desktop/Winter15/cs290N/hw1/solr-search/solr-4.10.3/node2/solr/collection1/
INFO  - 2015-04-04 18:02:32.140; org.apache.solr.core.CorePropertiesLocator; Found 1 core definitions
INFO  - 2015-04-04 18:02:32.142; org.apache.solr.core.SolrResourceLoader; new SolrResourceLoader for directory: '/home/sachin/Desktop/Winter15/cs290N/hw1/solr-search/solr-4.10.3/node2/solr/collection1/'
INFO  - 2015-04-04 18:02:32.245; org.apache.solr.core.SolrConfig; Adding specified lib dirs to ClassLoader
INFO  - 2015-04-04 18:02:32.248; org.apache.solr.core.SolrResourceLoader; Adding 'file:/home/sachin/Desktop/Winter15/cs290N/hw1/solr-search/solr-4.10.3/contrib/extraction/lib/poi-ooxml-3.10.1.jar' to classloader
INFO  - 2015-04-04 18:02:32.249; org.apache.solr.core.SolrResourceLoader; Adding 'file:/home/sachin/Desktop/Winter15/cs290N/hw1/solr-search/solr-4.10.3/contrib/extraction/lib/xz-1.4.jar' to classloader
INFO  - 2015-04-04 18:02:32.249; org.apache.solr.core.SolrResourceLoader; Adding 'file:/home/sachin/Desktop/Winter15/cs290N/hw1/solr-search/solr-4.10.3/contrib/extraction/lib/jhighlight-1.0.jar' to classloader
INFO  - 2015-04-04 18:02:32.249; org.apache.solr.core.SolrResourceLoader; Adding 'file:/home/sachin/Desktop/Winter15/cs290N/hw1/solr-search/solr-4.10.3/contrib/extraction/lib/pdfbox-1.8.4.jar' to classloader
INFO  - 2015-04-04 18:02:32.249; org.apache.solr.core.SolrResourceLoader; Adding 'file:/home/sachin/Desktop/Winter15/cs290N/hw1/solr-search/solr-4.10.3/contrib/extraction/lib/jempbox-1.8.4.jar' to classloader
INFO  - 2015-04-04 18:02:32.250; org.apache.solr.core.SolrResourceLoader; Adding 'file:/home/sachin/Desktop/Winter15/cs290N/hw1/solr-search/solr-4.10.3/contrib/extraction/lib/icu4j-53.1.jar' to classloader
INFO  - 2015-04-04 18:02:32.250; org.apache.solr.core.SolrResourceLoader; Adding 'file:/home/sachin/Desktop/Winter15/cs290N/hw1/solr-search/solr-4.10.3/contrib/extraction/lib/poi-ooxml-schemas-3.10.1.jar' to classloader
INFO  - 2015-04-04 18:02:32.250; org.apache.solr.core.SolrResourceLoader; Adding 'file:/home/sachin/Desktop/Winter15/cs290N/hw1/solr-search/solr-4.10.3/contrib/extraction/lib/isoparser-1.0-RC-1.jar' to classloader
INFO  - 2015-04-04 18:02:32.251; org.apache.solr.core.SolrResourceLoader; Adding 'file:/home/sachin/Desktop/Winter15/cs290N/hw1/solr-search/solr-4.10.3/contrib/extraction/lib/apache-mime4j-core-0.7.2.jar' to classloader
INFO  - 2015-04-04 18:02:32.251; org.apache.solr.core.SolrResourceLoader; Adding 'file:/home/sachin/Desktop/Winter15/cs290N/hw1/solr-search/solr-4.10.3/contrib/extraction/lib/rome-0.9.jar' to classloader
INFO  - 2015-04-04 18:02:32.252; org.apache.solr.core.SolrResourceLoader; Adding 'file:/home/sachin/Desktop/Winter15/cs290N/hw1/solr-search/solr-4.10.3/contrib/extraction/lib/poi-3.10.1.jar' to classloader
INFO  - 2015-04-04 18:02:32.252; org.apache.solr.core.SolrResourceLoader; Adding 'file:/home/sachin/Desktop/Winter15/cs290N/hw1/solr-search/solr-4.10.3/contrib/extraction/lib/tika-core-1.5.jar' to classloader
INFO  - 2015-04-04 18:02:32.252; org.apache.solr.core.SolrResourceLoader; Adding 'file:/home/sachin/Desktop/Winter15/cs290N/hw1/solr-search/solr-4.10.3/contrib/extraction/lib/tagsoup-1.2.1.jar' to classloader
INFO  - 2015-04-04 18:02:32.253; org.apache.solr.core.SolrResourceLoader; Adding 'file:/home/sachin/Desktop/Winter15/cs290N/hw1/solr-search/solr-4.10.3/contrib/extraction/lib/aspectjrt-1.6.11.jar' to classloader
INFO  - 2015-04-04 18:02:32.253; org.apache.solr.core.SolrResourceLoader; Adding 'file:/home/sachin/Desktop/Winter15/cs290N/hw1/solr-search/solr-4.10.3/contrib/extraction/lib/juniversalchardet-1.0.3.jar' to classloader
INFO  - 2015-04-04 18:02:32.253; org.apache.solr.core.SolrResourceLoader; Adding 'file:/home/sachin/Desktop/Winter15/cs290N/hw1/solr-search/solr-4.10.3/contrib/extraction/lib/poi-scratchpad-3.10.1.jar' to classloader
INFO  - 2015-04-04 18:02:32.254; org.apache.solr.core.SolrResourceLoader; Adding 'file:/home/sachin/Desktop/Winter15/cs290N/hw1/solr-search/solr-4.10.3/contrib/extraction/lib/xmpcore-5.1.2.jar' to classloader
INFO  - 2015-04-04 18:02:32.254; org.apache.solr.core.SolrResourceLoader; Adding 'file:/home/sachin/Desktop/Winter15/cs290N/hw1/solr-search/solr-4.10.3/contrib/extraction/lib/xmlbeans-2.6.0.jar' to classloader
INFO  - 2015-04-04 18:02:32.255; org.apache.solr.core.SolrResourceLoader; Adding 'file:/home/sachin/Desktop/Winter15/cs290N/hw1/solr-search/solr-4.10.3/contrib/extraction/lib/vorbis-java-tika-0.1.jar' to classloader
INFO  - 2015-04-04 18:02:32.255; org.apache.solr.core.SolrResourceLoader; Adding 'file:/home/sachin/Desktop/Winter15/cs290N/hw1/solr-search/solr-4.10.3/contrib/extraction/lib/bcmail-jdk15-1.45.jar' to classloader
INFO  - 2015-04-04 18:02:32.255; org.apache.solr.core.SolrResourceLoader; Adding 'file:/home/sachin/Desktop/Winter15/cs290N/hw1/solr-search/solr-4.10.3/contrib/extraction/lib/commons-compress-1.7.jar' to classloader
INFO  - 2015-04-04 18:02:32.256; org.apache.solr.core.SolrResourceLoader; Adding 'file:/home/sachin/Desktop/Winter15/cs290N/hw1/solr-search/solr-4.10.3/contrib/extraction/lib/jdom-1.0.jar' to classloader
INFO  - 2015-04-04 18:02:32.256; org.apache.solr.core.SolrResourceLoader; Adding 'file:/home/sachin/Desktop/Winter15/cs290N/hw1/solr-search/solr-4.10.3/contrib/extraction/lib/bcprov-jdk15-1.45.jar' to classloader
INFO  - 2015-04-04 18:02:32.256; org.apache.solr.core.SolrResourceLoader; Adding 'file:/home/sachin/Desktop/Winter15/cs290N/hw1/solr-search/solr-4.10.3/contrib/extraction/lib/apache-mime4j-dom-0.7.2.jar' to classloader
INFO  - 2015-04-04 18:02:32.257; org.apache.solr.core.SolrResourceLoader; Adding 'file:/home/sachin/Desktop/Winter15/cs290N/hw1/solr-search/solr-4.10.3/contrib/extraction/lib/xercesImpl-2.9.1.jar' to classloader
INFO  - 2015-04-04 18:02:32.257; org.apache.solr.core.SolrResourceLoader; Adding 'file:/home/sachin/Desktop/Winter15/cs290N/hw1/solr-search/solr-4.10.3/contrib/extraction/lib/vorbis-java-core-0.1.jar' to classloader
INFO  - 2015-04-04 18:02:32.258; org.apache.solr.core.SolrResourceLoader; Adding 'file:/home/sachin/Desktop/Winter15/cs290N/hw1/solr-search/solr-4.10.3/contrib/extraction/lib/dom4j-1.6.1.jar' to classloader
INFO  - 2015-04-04 18:02:32.258; org.apache.solr.core.SolrResourceLoader; Adding 'file:/home/sachin/Desktop/Winter15/cs290N/hw1/solr-search/solr-4.10.3/contrib/extraction/lib/fontbox-1.8.4.jar' to classloader
INFO  - 2015-04-04 18:02:32.258; org.apache.solr.core.SolrResourceLoader; Adding 'file:/home/sachin/Desktop/Winter15/cs290N/hw1/solr-search/solr-4.10.3/contrib/extraction/lib/tika-xmp-1.5.jar' to classloader
INFO  - 2015-04-04 18:02:32.259; org.apache.solr.core.SolrResourceLoader; Adding 'file:/home/sachin/Desktop/Winter15/cs290N/hw1/solr-search/solr-4.10.3/contrib/extraction/lib/boilerpipe-1.1.0.jar' to classloader
INFO  - 2015-04-04 18:02:32.259; org.apache.solr.core.SolrResourceLoader; Adding 'file:/home/sachin/Desktop/Winter15/cs290N/hw1/solr-search/solr-4.10.3/contrib/extraction/lib/tika-parsers-1.5.jar' to classloader
INFO  - 2015-04-04 18:02:32.260; org.apache.solr.core.SolrResourceLoader; Adding 'file:/home/sachin/Desktop/Winter15/cs290N/hw1/solr-search/solr-4.10.3/contrib/extraction/lib/metadata-extractor-2.6.2.jar' to classloader
INFO  - 2015-04-04 18:02:32.262; org.apache.solr.core.SolrResourceLoader; Adding 'file:/home/sachin/Desktop/Winter15/cs290N/hw1/solr-search/solr-4.10.3/dist/solr-cell-4.10.3.jar' to classloader
INFO  - 2015-04-04 18:02:32.264; org.apache.solr.core.SolrResourceLoader; Adding 'file:/home/sachin/Desktop/Winter15/cs290N/hw1/solr-search/solr-4.10.3/contrib/clustering/lib/hppc-0.5.2.jar' to classloader
INFO  - 2015-04-04 18:02:32.264; org.apache.solr.core.SolrResourceLoader; Adding 'file:/home/sachin/Desktop/Winter15/cs290N/hw1/solr-search/solr-4.10.3/contrib/clustering/lib/mahout-collections-1.0.jar' to classloader
INFO  - 2015-04-04 18:02:32.265; org.apache.solr.core.SolrResourceLoader; Adding 'file:/home/sachin/Desktop/Winter15/cs290N/hw1/solr-search/solr-4.10.3/contrib/clustering/lib/jackson-mapper-asl-1.9.13.jar' to classloader
INFO  - 2015-04-04 18:02:32.265; org.apache.solr.core.SolrResourceLoader; Adding 'file:/home/sachin/Desktop/Winter15/cs290N/hw1/solr-search/solr-4.10.3/contrib/clustering/lib/attributes-binder-1.2.1.jar' to classloader
INFO  - 2015-04-04 18:02:32.265; org.apache.solr.core.SolrResourceLoader; Adding 'file:/home/sachin/Desktop/Winter15/cs290N/hw1/solr-search/solr-4.10.3/contrib/clustering/lib/jackson-core-asl-1.9.13.jar' to classloader
INFO  - 2015-04-04 18:02:32.266; org.apache.solr.core.SolrResourceLoader; Adding 'file:/home/sachin/Desktop/Winter15/cs290N/hw1/solr-search/solr-4.10.3/contrib/clustering/lib/simple-xml-2.7.jar' to classloader
INFO  - 2015-04-04 18:02:32.266; org.apache.solr.core.SolrResourceLoader; Adding 'file:/home/sachin/Desktop/Winter15/cs290N/hw1/solr-search/solr-4.10.3/contrib/clustering/lib/mahout-math-0.6.jar' to classloader
INFO  - 2015-04-04 18:02:32.267; org.apache.solr.core.SolrResourceLoader; Adding 'file:/home/sachin/Desktop/Winter15/cs290N/hw1/solr-search/solr-4.10.3/contrib/clustering/lib/carrot2-mini-3.9.0.jar' to classloader
INFO  - 2015-04-04 18:02:32.268; org.apache.solr.core.SolrResourceLoader; Adding 'file:/home/sachin/Desktop/Winter15/cs290N/hw1/solr-search/solr-4.10.3/dist/solr-clustering-4.10.3.jar' to classloader
INFO  - 2015-04-04 18:02:32.269; org.apache.solr.core.SolrResourceLoader; Adding 'file:/home/sachin/Desktop/Winter15/cs290N/hw1/solr-search/solr-4.10.3/contrib/langid/lib/langdetect-1.1-20120112.jar' to classloader
INFO  - 2015-04-04 18:02:32.269; org.apache.solr.core.SolrResourceLoader; Adding 'file:/home/sachin/Desktop/Winter15/cs290N/hw1/solr-search/solr-4.10.3/contrib/langid/lib/jsonic-1.2.7.jar' to classloader
INFO  - 2015-04-04 18:02:32.270; org.apache.solr.core.SolrResourceLoader; Adding 'file:/home/sachin/Desktop/Winter15/cs290N/hw1/solr-search/solr-4.10.3/dist/solr-langid-4.10.3.jar' to classloader
INFO  - 2015-04-04 18:02:32.271; org.apache.solr.core.SolrResourceLoader; Adding 'file:/home/sachin/Desktop/Winter15/cs290N/hw1/solr-search/solr-4.10.3/contrib/velocity/lib/velocity-1.7.jar' to classloader
INFO  - 2015-04-04 18:02:32.271; org.apache.solr.core.SolrResourceLoader; Adding 'file:/home/sachin/Desktop/Winter15/cs290N/hw1/solr-search/solr-4.10.3/contrib/velocity/lib/commons-collections-3.2.1.jar' to classloader
INFO  - 2015-04-04 18:02:32.271; org.apache.solr.core.SolrResourceLoader; Adding 'file:/home/sachin/Desktop/Winter15/cs290N/hw1/solr-search/solr-4.10.3/contrib/velocity/lib/velocity-tools-2.0.jar' to classloader
INFO  - 2015-04-04 18:02:32.272; org.apache.solr.core.SolrResourceLoader; Adding 'file:/home/sachin/Desktop/Winter15/cs290N/hw1/solr-search/solr-4.10.3/contrib/velocity/lib/commons-beanutils-1.8.3.jar' to classloader
INFO  - 2015-04-04 18:02:32.272; org.apache.solr.core.SolrResourceLoader; Adding 'file:/home/sachin/Desktop/Winter15/cs290N/hw1/solr-search/solr-4.10.3/dist/solr-velocity-4.10.3.jar' to classloader
INFO  - 2015-04-04 18:02:32.472; org.apache.solr.update.SolrIndexConfig; IndexWriter infoStream solr logging is enabled
INFO  - 2015-04-04 18:02:32.480; org.apache.solr.core.SolrConfig; Using Lucene MatchVersion: 4.10.3
INFO  - 2015-04-04 18:02:32.654; org.apache.solr.core.SolrConfig; Loaded SolrConfig: solrconfig.xml
INFO  - 2015-04-04 18:02:32.666; org.apache.solr.schema.IndexSchema; Reading Solr Schema from /home/sachin/Desktop/Winter15/cs290N/hw1/solr-search/solr-4.10.3/node2/solr/collection1/conf/schema.xml
INFO  - 2015-04-04 18:02:32.687; org.apache.solr.schema.IndexSchema; [collection1] Schema name=nsf
INFO  - 2015-04-04 18:02:32.838; org.apache.solr.schema.IndexSchema; unique key field: id
INFO  - 2015-04-04 18:02:32.927; org.apache.solr.core.CoreContainer; Creating SolrCore 'collection1' using configuration from instancedir /home/sachin/Desktop/Winter15/cs290N/hw1/solr-search/solr-4.10.3/node2/solr/collection1/
INFO  - 2015-04-04 18:02:32.945; org.apache.solr.core.SolrCore; solr.NRTCachingDirectoryFactory
INFO  - 2015-04-04 18:02:32.951; org.apache.solr.core.SolrCore; [collection1] Opening new SolrCore at /home/sachin/Desktop/Winter15/cs290N/hw1/solr-search/solr-4.10.3/node2/solr/collection1/, dataDir=/home/sachin/Desktop/Winter15/cs290N/hw1/solr-search/solr-4.10.3/node2/solr/collection1/data/
INFO  - 2015-04-04 18:02:32.953; org.apache.solr.core.JmxMonitoredMap; No JMX servers found, not exposing Solr information with JMX.
INFO  - 2015-04-04 18:02:32.965; org.apache.solr.core.SolrCore; [collection1] Added SolrEventListener for newSearcher: org.apache.solr.core.QuerySenderListener{queries=[]}
INFO  - 2015-04-04 18:02:32.966; org.apache.solr.core.SolrCore; [collection1] Added SolrEventListener for firstSearcher: org.apache.solr.core.QuerySenderListener{queries=[{q=static firstSearcher warming in solrconfig.xml}]}
INFO  - 2015-04-04 18:02:32.980; org.apache.solr.core.CachingDirectoryFactory; return new directory for /home/sachin/Desktop/Winter15/cs290N/hw1/solr-search/solr-4.10.3/node2/solr/collection1/data
INFO  - 2015-04-04 18:02:32.982; org.apache.solr.core.SolrCore; New index directory detected: old=null new=/home/sachin/Desktop/Winter15/cs290N/hw1/solr-search/solr-4.10.3/node2/solr/collection1/data/index/
INFO  - 2015-04-04 18:02:32.982; org.apache.solr.core.CachingDirectoryFactory; return new directory for /home/sachin/Desktop/Winter15/cs290N/hw1/solr-search/solr-4.10.3/node2/solr/collection1/data/index
INFO  - 2015-04-04 18:02:33.005; org.apache.solr.core.SolrCore; created json: solr.JSONResponseWriter
INFO  - 2015-04-04 18:02:33.006; org.apache.solr.core.SolrCore; adding lazy queryResponseWriter: solr.VelocityResponseWriter
INFO  - 2015-04-04 18:02:33.006; org.apache.solr.core.SolrCore; created velocity: solr.VelocityResponseWriter
INFO  - 2015-04-04 18:02:33.009; org.apache.solr.core.SolrCore; created xslt: solr.XSLTResponseWriter
INFO  - 2015-04-04 18:02:33.010; org.apache.solr.response.XSLTResponseWriter; xsltCacheLifetimeSeconds=5
INFO  - 2015-04-04 18:02:33.094; org.apache.solr.core.SolrCore; no updateRequestProcessorChain defined as default, creating implicit default
INFO  - 2015-04-04 18:02:33.099; org.apache.solr.core.RequestHandlers; created /update: org.apache.solr.handler.UpdateRequestHandler
INFO  - 2015-04-04 18:02:33.100; org.apache.solr.core.RequestHandlers; created /update/json: org.apache.solr.handler.UpdateRequestHandler
INFO  - 2015-04-04 18:02:33.100; org.apache.solr.core.RequestHandlers; created /update/csv: org.apache.solr.handler.UpdateRequestHandler
INFO  - 2015-04-04 18:02:33.100; org.apache.solr.core.RequestHandlers; created /update/json/docs: org.apache.solr.handler.UpdateRequestHandler
INFO  - 2015-04-04 18:02:33.106; org.apache.solr.core.RequestHandlers; created /select: solr.SearchHandler
INFO  - 2015-04-04 18:02:33.107; org.apache.solr.core.RequestHandlers; created /selectd: solr.SearchHandler
INFO  - 2015-04-04 18:02:33.107; org.apache.solr.core.RequestHandlers; created /query: solr.SearchHandler
INFO  - 2015-04-04 18:02:33.110; org.apache.solr.core.RequestHandlers; created /get: solr.RealTimeGetHandler
INFO  - 2015-04-04 18:02:33.110; org.apache.solr.core.RequestHandlers; created /export: solr.SearchHandler
INFO  - 2015-04-04 18:02:33.110; org.apache.solr.core.RequestHandlers; created /browse: solr.SearchHandler
WARN  - 2015-04-04 18:02:33.112; org.apache.solr.core.RequestHandlers; Multiple requestHandler registered to the same name: /update ignoring: org.apache.solr.handler.UpdateRequestHandler
INFO  - 2015-04-04 18:02:33.112; org.apache.solr.core.RequestHandlers; created /update: solr.UpdateRequestHandler
INFO  - 2015-04-04 18:02:33.112; org.apache.solr.core.RequestHandlers; adding lazy requestHandler: solr.extraction.ExtractingRequestHandler
INFO  - 2015-04-04 18:02:33.113; org.apache.solr.core.RequestHandlers; created /update/extract: solr.extraction.ExtractingRequestHandler
INFO  - 2015-04-04 18:02:33.113; org.apache.solr.core.RequestHandlers; adding lazy requestHandler: solr.FieldAnalysisRequestHandler
INFO  - 2015-04-04 18:02:33.113; org.apache.solr.core.RequestHandlers; created /analysis/field: solr.FieldAnalysisRequestHandler
INFO  - 2015-04-04 18:02:33.113; org.apache.solr.core.RequestHandlers; adding lazy requestHandler: solr.DocumentAnalysisRequestHandler
INFO  - 2015-04-04 18:02:33.114; org.apache.solr.core.RequestHandlers; created /analysis/document: solr.DocumentAnalysisRequestHandler
INFO  - 2015-04-04 18:02:33.116; org.apache.solr.core.RequestHandlers; created /admin/: solr.admin.AdminHandlers
INFO  - 2015-04-04 18:02:33.118; org.apache.solr.core.RequestHandlers; created /admin/ping: solr.PingRequestHandler
INFO  - 2015-04-04 18:02:33.120; org.apache.solr.core.RequestHandlers; created /debug/dump: solr.DumpRequestHandler
INFO  - 2015-04-04 18:02:33.131; org.apache.solr.core.RequestHandlers; created /replication: solr.ReplicationHandler
INFO  - 2015-04-04 18:02:33.131; org.apache.solr.core.RequestHandlers; adding lazy requestHandler: solr.SearchHandler
INFO  - 2015-04-04 18:02:33.132; org.apache.solr.core.RequestHandlers; created /spell: solr.SearchHandler
INFO  - 2015-04-04 18:02:33.132; org.apache.solr.core.RequestHandlers; adding lazy requestHandler: solr.SearchHandler
INFO  - 2015-04-04 18:02:33.133; org.apache.solr.core.RequestHandlers; created /tvrh: solr.SearchHandler
INFO  - 2015-04-04 18:02:33.133; org.apache.solr.core.RequestHandlers; adding lazy requestHandler: solr.SearchHandler
INFO  - 2015-04-04 18:02:33.133; org.apache.solr.core.RequestHandlers; created /terms: solr.SearchHandler
INFO  - 2015-04-04 18:02:33.134; org.apache.solr.core.RequestHandlers; adding lazy requestHandler: solr.SearchHandler
INFO  - 2015-04-04 18:02:33.134; org.apache.solr.core.RequestHandlers; created /elevate: solr.SearchHandler
INFO  - 2015-04-04 18:02:33.148; org.apache.solr.handler.loader.XMLLoader; xsltCacheLifetimeSeconds=60
INFO  - 2015-04-04 18:02:33.150; org.apache.solr.handler.loader.XMLLoader; xsltCacheLifetimeSeconds=60
INFO  - 2015-04-04 18:02:33.150; org.apache.solr.handler.loader.XMLLoader; xsltCacheLifetimeSeconds=60
INFO  - 2015-04-04 18:02:33.151; org.apache.solr.handler.loader.XMLLoader; xsltCacheLifetimeSeconds=60
INFO  - 2015-04-04 18:02:33.152; org.apache.solr.handler.loader.XMLLoader; xsltCacheLifetimeSeconds=60
INFO  - 2015-04-04 18:02:33.180; org.apache.solr.update.CommitTracker; Hard AutoCommit: if uncommited for 15000ms; 
INFO  - 2015-04-04 18:02:33.181; org.apache.solr.update.CommitTracker; Soft AutoCommit: disabled
INFO  - 2015-04-04 18:02:33.224; org.apache.solr.core.SolrDeletionPolicy; SolrDeletionPolicy.onInit: commits: num=1
	commit{dir=NRTCachingDirectory(MMapDirectory@/home/sachin/Desktop/Winter15/cs290N/hw1/solr-search/solr-4.10.3/node2/solr/collection1/data/index lockFactory=NativeFSLockFactory@/home/sachin/Desktop/Winter15/cs290N/hw1/solr-search/solr-4.10.3/node2/solr/collection1/data/index; maxCacheMB=48.0 maxMergeSizeMB=4.0),segFN=segments_2,generation=2}
INFO  - 2015-04-04 18:02:33.225; org.apache.solr.core.SolrDeletionPolicy; newest commit generation = 2
INFO  - 2015-04-04 18:02:33.255; org.apache.solr.search.SolrIndexSearcher; Opening Searcher@304b9565[collection1] main
INFO  - 2015-04-04 18:02:33.263; org.apache.solr.rest.ManagedResourceStorage$FileStorageIO; File-based storage initialized to use dir: /home/sachin/Desktop/Winter15/cs290N/hw1/solr-search/solr-4.10.3/node2/solr/collection1/conf
INFO  - 2015-04-04 18:02:33.264; org.apache.solr.rest.RestManager; Initializing RestManager with initArgs: {storageDir=/home/sachin/Desktop/Winter15/cs290N/hw1/solr-search/solr-4.10.3/node2/solr/collection1/conf}
INFO  - 2015-04-04 18:02:33.273; org.apache.solr.rest.ManagedResourceStorage; Reading _rest_managed.json using file:dir=/home/sachin/Desktop/Winter15/cs290N/hw1/solr-search/solr-4.10.3/node2/solr/collection1/conf
INFO  - 2015-04-04 18:02:33.276; org.apache.solr.rest.ManagedResourceStorage; Loaded LinkedHashMap at path _rest_managed.json using file:dir=/home/sachin/Desktop/Winter15/cs290N/hw1/solr-search/solr-4.10.3/node2/solr/collection1/conf
INFO  - 2015-04-04 18:02:33.276; org.apache.solr.rest.ManagedResource; Loaded initArgs {} for /rest/managed
INFO  - 2015-04-04 18:02:33.277; org.apache.solr.rest.RestManager; Initializing 0 registered ManagedResources
INFO  - 2015-04-04 18:02:33.277; org.apache.solr.handler.component.SpellCheckComponent; Initializing spell checkers
INFO  - 2015-04-04 18:02:33.284; org.apache.solr.spelling.DirectSolrSpellChecker; init: {name=default,field=text,classname=solr.DirectSolrSpellChecker,distanceMeasure=internal,accuracy=0.5,maxEdits=2,minPrefix=1,maxInspections=5,minQueryLength=4,maxQueryFrequency=0.01}
INFO  - 2015-04-04 18:02:33.292; org.apache.solr.handler.component.SpellCheckComponent; No queryConverter defined, using default converter
INFO  - 2015-04-04 18:02:33.297; org.apache.solr.handler.component.QueryElevationComponent; Loading QueryElevation from: /home/sachin/Desktop/Winter15/cs290N/hw1/solr-search/solr-4.10.3/node2/solr/collection1/conf/elevate.xml
INFO  - 2015-04-04 18:02:33.337; org.apache.solr.handler.ReplicationHandler; Commits will be reserved for  10000
INFO  - 2015-04-04 18:02:33.337; org.apache.solr.core.QuerySenderListener; QuerySenderListener sending requests to Searcher@304b9565[collection1] main{StandardDirectoryReader(segments_2:3:nrt _0(4.10.3):C1)}
INFO  - 2015-04-04 18:02:33.338; org.apache.solr.core.CoreContainer; registering core: collection1
INFO  - 2015-04-04 18:02:33.342; org.apache.solr.servlet.SolrDispatchFilter; user.dir=/home/sachin/Desktop/Winter15/cs290N/hw1/solr-search/solr-4.10.3/node2
INFO  - 2015-04-04 18:02:33.342; org.apache.solr.servlet.SolrDispatchFilter; SolrDispatchFilter.init() done
INFO  - 2015-04-04 18:02:33.425; org.eclipse.jetty.server.AbstractConnector; Started SocketConnector@0.0.0.0:8985
INFO  - 2015-04-04 18:02:33.448; org.apache.solr.core.SolrCore; [collection1] webapp=null path=null params={event=firstSearcher&q=static+firstSearcher+warming+in+solrconfig.xml&distrib=false} hits=0 status=0 QTime=110 
INFO  - 2015-04-04 18:02:33.449; org.apache.solr.core.QuerySenderListener; QuerySenderListener done.
INFO  - 2015-04-04 18:02:33.449; org.apache.solr.handler.component.SpellCheckComponent$SpellCheckerListener; Loading spell index for spellchecker: default
INFO  - 2015-04-04 18:02:33.449; org.apache.solr.handler.component.SpellCheckComponent$SpellCheckerListener; Loading spell index for spellchecker: wordbreak
INFO  - 2015-04-04 18:02:33.449; org.apache.solr.core.SolrCore; [collection1] Registered new searcher Searcher@304b9565[collection1] main{StandardDirectoryReader(segments_2:3:nrt _0(4.10.3):C1)}
INFO  - 2015-04-04 18:02:52.170; org.apache.solr.servlet.SolrDispatchFilter; [admin] webapp=null path=/admin/cores params={indexInfo=false&_=1428195772148&wt=json} status=0 QTime=3 
INFO  - 2015-04-04 18:02:52.272; org.apache.solr.servlet.SolrDispatchFilter; [admin] webapp=null path=/admin/info/system params={_=1428195772250&wt=json} status=0 QTime=19 
INFO  - 2015-04-04 18:02:52.361; org.apache.solr.core.SolrCore; [collection1] webapp=/solr path=/admin/file/ params={file=admin-extra.menu-bottom.html&_=1428195772355&contentType=text/html;charset%3Dutf-8} status=0 QTime=3 
INFO  - 2015-04-04 18:02:52.369; org.apache.solr.core.SolrCore; [collection1] webapp=/solr path=/admin/file/ params={file=admin-extra.menu-top.html&_=1428195772354&contentType=text/html;charset%3Dutf-8} status=0 QTime=12 
INFO  - 2015-04-04 18:02:52.469; org.apache.solr.core.SolrCore; [collection1] webapp=/solr path=/admin/luke params={numTerms=0&_=1428195772455&show=index&wt=json} status=0 QTime=5 
INFO  - 2015-04-04 18:02:52.482; org.apache.solr.core.SolrCore; [collection1] webapp=/solr path=/replication params={command=details&_=1428195772462&wt=json} status=0 QTime=3 
INFO  - 2015-04-04 18:02:52.486; org.apache.solr.core.SolrCore; [collection1] webapp=/solr path=/admin/file/ params={file=admin-extra.html&_=1428195772467} status=0 QTime=1 
INFO  - 2015-04-04 18:02:52.489; org.apache.solr.core.SolrCore; [collection1] webapp=/solr path=/admin/ping params={action=status&_=1428195772470&wt=json} status=503 QTime=4 
INFO  - 2015-04-04 18:02:52.493; org.apache.solr.core.SolrCore; [collection1] webapp=/solr path=/admin/system params={_=1428195772465&wt=json} status=0 QTime=13 
INFO  - 2015-04-04 18:02:56.146; org.apache.solr.core.SolrCore; [collection1] webapp=/solr path=/select params={distrib=false&wt=javabin&version=2&rows=10&df=text&fl=id,score&shard.url=localhost:8985/solr&NOW=1428195776126&start=0&q=*:*&_=1428195776122&isShard=true&fsv=true} hits=1 status=0 QTime=12 
INFO  - 2015-04-04 18:02:56.171; org.apache.solr.core.SolrCore; [collection1] webapp=/solr path=/select params={NOW=1428195776126&shard.url=localhost:8985/solr&df=text&ids=3&q=*:*&distrib=false&_=1428195776122&wt=javabin&isShard=true&version=2&rows=10} status=0 QTime=4 
INFO  - 2015-04-04 18:06:01.528; org.eclipse.jetty.server.Server; Graceful shutdown SocketConnector@0.0.0.0:8985
INFO  - 2015-04-04 18:06:01.530; org.eclipse.jetty.server.Server; Graceful shutdown o.e.j.w.WebAppContext{/solr,file:/home/sachin/Desktop/Winter15/cs290N/hw1/solr-search/solr-4.10.3/node2/solr-webapp/webapp/},/home/sachin/Desktop/Winter15/cs290N/hw1/solr-search/solr-4.10.3/node2/webapps/solr.war
INFO  - 2015-04-04 18:06:02.532; org.apache.solr.core.CoreContainer; Shutting down CoreContainer instance=1455776506
INFO  - 2015-04-04 18:06:02.533; org.apache.solr.core.SolrCore; [collection1]  CLOSING SolrCore org.apache.solr.core.SolrCore@64220f7b
INFO  - 2015-04-04 18:06:02.534; org.apache.solr.update.DirectUpdateHandler2; closing DirectUpdateHandler2{commits=0,autocommit maxTime=15000ms,autocommits=0,soft autocommits=0,optimizes=0,rollbacks=0,expungeDeletes=0,docsPending=0,adds=0,deletesById=0,deletesByQuery=0,errors=0,cumulative_adds=0,cumulative_deletesById=0,cumulative_deletesByQuery=0,cumulative_errors=0,transaction_logs_total_size=6588,transaction_logs_total_number=4}
INFO  - 2015-04-04 18:06:02.535; org.apache.solr.update.SolrCoreState; Closing SolrCoreState
INFO  - 2015-04-04 18:06:02.535; org.apache.solr.update.DefaultSolrCoreState; SolrCoreState ref count has reached 0 - closing IndexWriter
INFO  - 2015-04-04 18:06:02.535; org.apache.solr.update.DefaultSolrCoreState; closing IndexWriter with IndexWriterCloser
INFO  - 2015-04-04 18:06:02.538; org.apache.solr.core.SolrCore; [collection1] Closing main searcher on request.
INFO  - 2015-04-04 18:06:02.540; org.apache.solr.core.CachingDirectoryFactory; Closing NRTCachingDirectoryFactory - 2 directories currently being tracked
INFO  - 2015-04-04 18:06:02.550; org.apache.solr.core.CachingDirectoryFactory; looking to close /home/sachin/Desktop/Winter15/cs290N/hw1/solr-search/solr-4.10.3/node2/solr/collection1/data [CachedDir<<refCount=0;path=/home/sachin/Desktop/Winter15/cs290N/hw1/solr-search/solr-4.10.3/node2/solr/collection1/data;done=false>>]
INFO  - 2015-04-04 18:06:02.550; org.apache.solr.core.CachingDirectoryFactory; Closing directory: /home/sachin/Desktop/Winter15/cs290N/hw1/solr-search/solr-4.10.3/node2/solr/collection1/data
INFO  - 2015-04-04 18:06:02.551; org.apache.solr.core.CachingDirectoryFactory; looking to close /home/sachin/Desktop/Winter15/cs290N/hw1/solr-search/solr-4.10.3/node2/solr/collection1/data/index [CachedDir<<refCount=0;path=/home/sachin/Desktop/Winter15/cs290N/hw1/solr-search/solr-4.10.3/node2/solr/collection1/data/index;done=false>>]
INFO  - 2015-04-04 18:06:02.551; org.apache.solr.core.CachingDirectoryFactory; Closing directory: /home/sachin/Desktop/Winter15/cs290N/hw1/solr-search/solr-4.10.3/node2/solr/collection1/data/index
INFO  - 2015-04-04 18:06:02.553; org.eclipse.jetty.server.handler.ContextHandler; stopped o.e.j.w.WebAppContext{/solr,file:/home/sachin/Desktop/Winter15/cs290N/hw1/solr-search/solr-4.10.3/node2/solr-webapp/webapp/},/home/sachin/Desktop/Winter15/cs290N/hw1/solr-search/solr-4.10.3/node2/webapps/solr.war
